[0.110s] Invoking command in '/home/rslomron/tm_custom/build/custom_package': AMENT_PREFIX_PATH=/home/rslomron/tm_custom/install/techman_robot_msgs:${AMENT_PREFIX_PATH} CMAKE_PREFIX_PATH=/home/rslomron/tm_custom/install/techman_robot_msgs:/opt/ros/humble LD_LIBRARY_PATH=/home/rslomron/tm_custom/install/techman_robot_msgs/lib:${LD_LIBRARY_PATH} PYTHONPATH=/home/rslomron/tm_custom/install/techman_robot_msgs/local/lib/python3.10/dist-packages:${PYTHONPATH} /usr/bin/cmake --build /home/rslomron/tm_custom/build/custom_package -- -j8 -l8
[0.122s] -- Found ament_cmake: 1.3.8 (/opt/ros/humble/share/ament_cmake/cmake)
[0.285s] -- Found rclcpp: 16.0.8 (/opt/ros/humble/share/rclcpp/cmake)
[0.328s] -- Found rosidl_generator_c: 3.1.5 (/opt/ros/humble/share/rosidl_generator_c/cmake)
[0.332s] -- Found rosidl_adapter: 3.1.5 (/opt/ros/humble/share/rosidl_adapter/cmake)
[0.342s] -- Found rosidl_generator_cpp: 3.1.5 (/opt/ros/humble/share/rosidl_generator_cpp/cmake)
[0.353s] -- Using all available rosidl_typesupport_c: rosidl_typesupport_fastrtps_c;rosidl_typesupport_introspection_c
[0.375s] -- Using all available rosidl_typesupport_cpp: rosidl_typesupport_fastrtps_cpp;rosidl_typesupport_introspection_cpp
[0.445s] -- Found rmw_implementation_cmake: 6.1.1 (/opt/ros/humble/share/rmw_implementation_cmake/cmake)
[0.447s] -- Found rmw_fastrtps_cpp: 6.2.6 (/opt/ros/humble/share/rmw_fastrtps_cpp/cmake)
[0.658s] -- Using RMW implementation 'rmw_fastrtps_cpp' as default
[1.338s] -- Found rclcpp_components: 16.0.8 (/opt/ros/humble/share/rclcpp_components/cmake)
[1.651s] -- Found sensor_msgs: 4.2.3 (/opt/ros/humble/share/sensor_msgs/cmake)
[2.400s] -- Found techman_robot_msgs: 1.0.0 (/home/rslomron/tm_custom/install/techman_robot_msgs/share/techman_robot_msgs/cmake)
[2.461s] -- Found ament_lint_auto: 0.12.10 (/opt/ros/humble/share/ament_lint_auto/cmake)
[2.776s] -- Added test 'cppcheck' to perform static code analysis on C / C++ code
[2.776s] -- Configured cppcheck include dirs: 
[2.776s] -- Configured cppcheck exclude dirs and/or files: 
[2.777s] -- Added test 'lint_cmake' to check CMake code style
[2.778s] -- Added test 'uncrustify' to check C / C++ code style
[2.779s] -- Configured uncrustify additional arguments: 
[2.779s] -- Added test 'xmllint' to check XML markup files
[2.801s] -- Configuring done
[2.867s] -- Generating done
[2.870s] -- Build files have been written to: /home/rslomron/tm_custom/build/custom_package
[3.032s] [35m[1mConsolidate compiler generated dependencies of target tm_send_command[0m
[3.160s] [ 25%] [32mBuilding CXX object CMakeFiles/tm_send_command.dir/src/send_command.cpp.o[0m
[3.181s] [ 50%] [32mBuilding CXX object CMakeFiles/sub_img.dir/src/sub_img.cpp.o[0m
[3.905s] In file included from [01m[K/home/rslomron/tm_custom/src/custom_package/src/sub_img.cpp:11[m[K:
[3.905s] [01m[K/opt/ros/humble/include/rclcpp_components/rclcpp_components/register_node_macro.hpp:18:10:[m[K [01;31m[Kfatal error: [m[Kclass_loader/class_loader.hpp: No such file or directory
[3.905s]    18 | #include [01;31m[K"class_loader/class_loader.hpp"[m[K
[3.905s]       |          [01;31m[K^~~~~~~~~~~~~~~~~~~~~~~~~~~~~~~[m[K
[3.905s] compilation terminated.
[3.909s] gmake[2]: *** [CMakeFiles/sub_img.dir/build.make:76: CMakeFiles/sub_img.dir/src/sub_img.cpp.o] Error 1
[3.909s] gmake[1]: *** [CMakeFiles/Makefile2:165: CMakeFiles/sub_img.dir/all] Error 2
[3.910s] gmake[1]: *** Waiting for unfinished jobs....
[8.396s] [01m[K/home/rslomron/tm_custom/src/custom_package/src/send_command.cpp:[m[K In function â€˜[01m[Kint main(int, char**)[m[Kâ€™:
[8.396s] [01m[K/home/rslomron/tm_custom/src/custom_package/src/send_command.cpp:24:70:[m[K [01;31m[Kerror: [m[Kâ€˜[01m[Krclcpp::executor[m[Kâ€™ has not been declared
[8.396s]    24 |   if(rclcpp::spin_until_future_complete(node, res_future) != rclcpp::[01;31m[Kexecutor[m[K::FutureReturnCode::SUCCESS){
[8.396s]       |                                                                      [01;31m[K^~~~~~~~[m[K
[9.450s] gmake[2]: *** [CMakeFiles/tm_send_command.dir/build.make:76: CMakeFiles/tm_send_command.dir/src/send_command.cpp.o] Error 1
[9.451s] gmake[1]: *** [CMakeFiles/Makefile2:139: CMakeFiles/tm_send_command.dir/all] Error 2
[9.451s] gmake: *** [Makefile:146: all] Error 2
[9.464s] Invoked command in '/home/rslomron/tm_custom/build/custom_package' returned '2': AMENT_PREFIX_PATH=/home/rslomron/tm_custom/install/techman_robot_msgs:${AMENT_PREFIX_PATH} CMAKE_PREFIX_PATH=/home/rslomron/tm_custom/install/techman_robot_msgs:/opt/ros/humble LD_LIBRARY_PATH=/home/rslomron/tm_custom/install/techman_robot_msgs/lib:${LD_LIBRARY_PATH} PYTHONPATH=/home/rslomron/tm_custom/install/techman_robot_msgs/local/lib/python3.10/dist-packages:${PYTHONPATH} /usr/bin/cmake --build /home/rslomron/tm_custom/build/custom_package -- -j8 -l8
