[0.013s] Invoking command in '/home/rslomron/tm_custom/build/demo': AMENT_PREFIX_PATH=/home/rslomron/tm_custom/install/tm_msgs:${AMENT_PREFIX_PATH} CMAKE_PREFIX_PATH=/home/rslomron/tm_custom/install/tm_msgs:/opt/ros/humble LD_LIBRARY_PATH=/home/rslomron/tm_custom/install/tm_msgs/lib:${LD_LIBRARY_PATH} PYTHONPATH=/home/rslomron/tm_custom/install/tm_msgs/local/lib/python3.10/dist-packages:${PYTHONPATH} /usr/bin/cmake --build /home/rslomron/tm_custom/build/demo -- -j8 -l8
[0.063s] [35m[1mConsolidate compiler generated dependencies of target demo_send_script[0m
[0.082s] [35m[1mConsolidate compiler generated dependencies of target demo_set_event[0m
[0.085s] [35m[1mConsolidate compiler generated dependencies of target demo_write_item[0m
[0.094s] [  7%] Built target demo_ask_sta
[0.096s] [ 10%] [32mBuilding CXX object CMakeFiles/demo_send_script.dir/src/demo_send_script.cpp.o[0m
[0.110s] [ 17%] Built target demo_ask_item
[0.110s] [ 25%] Built target demo_connect_tm
[0.117s] [ 32%] Built target demo_set_positions
[0.118s] [ 39%] Built target demo_set_io
[0.126s] [ 42%] [32mBuilding CXX object CMakeFiles/demo_set_event.dir/src/demo_set_event.cpp.o[0m
[0.146s] [ 57%] Built target demo_get_feedback
[0.147s] [ 57%] Built target demo_write_item
[0.166s] [ 64%] Built target demo_get_torque_feedback
[0.193s] [35m[1mConsolidate compiler generated dependencies of target demo_leave_listen_node[0m
[0.198s] [ 71%] Built target demo_get_svr_response
[0.203s] [ 78%] Built target demo_get_sta_response
[0.211s] [ 85%] Built target demo_get_sct_response
[0.223s] [ 89%] [32mBuilding CXX object CMakeFiles/demo_leave_listen_node.dir/src/demo_leave_listen_node.cpp.o[0m
[2.751s] [01m[K/home/rslomron/tm_custom/src/demo/src/demo_leave_listen_node.cpp:[m[K In function â€˜[01m[Kbool send_cmd(std::string, std::shared_ptr<rclcpp::Node>, rclcpp::Client<tm_msgs::srv::SendScript>::SharedPtr)[m[Kâ€™:
[2.752s] [01m[K/home/rslomron/tm_custom/src/demo/src/demo_leave_listen_node.cpp:26:13:[m[K [01;31m[Kerror: [m[Kâ€˜[01m[Krclcpp::executor[m[Kâ€™ has not been declared
[2.752s]    26 |     rclcpp::[01;31m[Kexecutor[m[K::FutureReturnCode::SUCCESS)
[2.752s]       |             [01;31m[K^~~~~~~~[m[K
[2.779s] [01m[K/home/rslomron/tm_custom/src/demo/src/demo_send_script.cpp:[m[K In function â€˜[01m[Kbool send_cmd(std::string, std::shared_ptr<rclcpp::Node>, rclcpp::Client<tm_msgs::srv::SendScript>::SharedPtr)[m[Kâ€™:
[2.779s] [01m[K/home/rslomron/tm_custom/src/demo/src/demo_send_script.cpp:26:13:[m[K [01;31m[Kerror: [m[Kâ€˜[01m[Krclcpp::executor[m[Kâ€™ has not been declared
[2.779s]    26 |     rclcpp::[01;31m[Kexecutor[m[K::FutureReturnCode::SUCCESS)
[2.779s]       |             [01;31m[K^~~~~~~~[m[K
[3.360s] gmake[2]: *** [CMakeFiles/demo_leave_listen_node.dir/build.make:76: CMakeFiles/demo_leave_listen_node.dir/src/demo_leave_listen_node.cpp.o] Error 1
[3.360s] gmake[1]: *** [CMakeFiles/Makefile2:501: CMakeFiles/demo_leave_listen_node.dir/all] Error 2
[3.360s] gmake[1]: *** Waiting for unfinished jobs....
[3.400s] gmake[2]: *** [CMakeFiles/demo_send_script.dir/build.make:76: CMakeFiles/demo_send_script.dir/src/demo_send_script.cpp.o] Error 1
[3.401s] gmake[1]: *** [CMakeFiles/Makefile2:163: CMakeFiles/demo_send_script.dir/all] Error 2
[3.955s] [ 92%] [32m[1mLinking CXX executable demo_set_event[0m
[4.120s] [ 92%] Built target demo_set_event
[4.121s] gmake: *** [Makefile:146: all] Error 2
[4.123s] Invoked command in '/home/rslomron/tm_custom/build/demo' returned '2': AMENT_PREFIX_PATH=/home/rslomron/tm_custom/install/tm_msgs:${AMENT_PREFIX_PATH} CMAKE_PREFIX_PATH=/home/rslomron/tm_custom/install/tm_msgs:/opt/ros/humble LD_LIBRARY_PATH=/home/rslomron/tm_custom/install/tm_msgs/lib:${LD_LIBRARY_PATH} PYTHONPATH=/home/rslomron/tm_custom/install/tm_msgs/local/lib/python3.10/dist-packages:${PYTHONPATH} /usr/bin/cmake --build /home/rslomron/tm_custom/build/demo -- -j8 -l8
