[01m[K/home/rslomron/tm_custom/src/demo/src/demo_set_event.cpp:[m[K In function â€˜[01m[Kint main(int, char**)[m[Kâ€™:
[01m[K/home/rslomron/tm_custom/src/demo/src/demo_set_event.cpp:35:13:[m[K [01;31m[Kerror: [m[Kâ€˜[01m[Krclcpp::executor[m[Kâ€™ has not been declared
   35 |     rclcpp::[01;31m[Kexecutor[m[K::FutureReturnCode::SUCCESS)
      |             [01;31m[K^~~~~~~~[m[K
[01m[K/home/rslomron/tm_custom/src/demo/src/demo_send_script.cpp:[m[K In function â€˜[01m[Kbool send_cmd(std::string, std::shared_ptr<rclcpp::Node>, rclcpp::Client<tm_msgs::srv::SendScript>::SharedPtr)[m[Kâ€™:
[01m[K/home/rslomron/tm_custom/src/demo/src/demo_send_script.cpp:26:13:[m[K [01;31m[Kerror: [m[Kâ€˜[01m[Krclcpp::executor[m[Kâ€™ has not been declared
   26 |     rclcpp::[01;31m[Kexecutor[m[K::FutureReturnCode::SUCCESS)
      |             [01;31m[K^~~~~~~~[m[K
[01m[K/home/rslomron/tm_custom/src/demo/src/demo_leave_listen_node.cpp:[m[K In function â€˜[01m[Kbool send_cmd(std::string, std::shared_ptr<rclcpp::Node>, rclcpp::Client<tm_msgs::srv::SendScript>::SharedPtr)[m[Kâ€™:
[01m[K/home/rslomron/tm_custom/src/demo/src/demo_leave_listen_node.cpp:26:13:[m[K [01;31m[Kerror: [m[Kâ€˜[01m[Krclcpp::executor[m[Kâ€™ has not been declared
   26 |     rclcpp::[01;31m[Kexecutor[m[K::FutureReturnCode::SUCCESS)
      |             [01;31m[K^~~~~~~~[m[K
gmake[2]: *** [CMakeFiles/demo_set_event.dir/build.make:76: CMakeFiles/demo_set_event.dir/src/demo_set_event.cpp.o] Error 1
gmake[1]: *** [CMakeFiles/Makefile2:241: CMakeFiles/demo_set_event.dir/all] Error 2
gmake[1]: *** Waiting for unfinished jobs....
gmake[2]: *** [CMakeFiles/demo_send_script.dir/build.make:76: CMakeFiles/demo_send_script.dir/src/demo_send_script.cpp.o] Error 1
gmake[1]: *** [CMakeFiles/Makefile2:163: CMakeFiles/demo_send_script.dir/all] Error 2
gmake[2]: *** [CMakeFiles/demo_leave_listen_node.dir/build.make:76: CMakeFiles/demo_leave_listen_node.dir/src/demo_leave_listen_node.cpp.o] Error 1
gmake[1]: *** [CMakeFiles/Makefile2:501: CMakeFiles/demo_leave_listen_node.dir/all] Error 2
gmake: *** [Makefile:146: all] Error 2
