[0.035s] Invoking command in '/home/rslomron/tm_custom/build/custom_package': AMENT_PREFIX_PATH=/home/rslomron/tm_custom/install/techman_robot_msgs:${AMENT_PREFIX_PATH} CMAKE_PREFIX_PATH=/home/rslomron/tm_custom/install/techman_robot_msgs:/opt/ros/humble LD_LIBRARY_PATH=/home/rslomron/tm_custom/install/techman_robot_msgs/lib:${LD_LIBRARY_PATH} PYTHONPATH=/home/rslomron/tm_custom/install/techman_robot_msgs/local/lib/python3.10/dist-packages:${PYTHONPATH} /usr/bin/cmake --build /home/rslomron/tm_custom/build/custom_package -- -j8 -l8
[0.103s] [35m[1mConsolidate compiler generated dependencies of target tm_send_command[0m
[0.108s] [ 25%] [32mBuilding CXX object CMakeFiles/sub_img.dir/src/sub_img.cpp.o[0m
[0.137s] [ 50%] [32mBuilding CXX object CMakeFiles/tm_send_command.dir/src/send_command.cpp.o[0m
[0.676s] [01m[K/home/rslomron/tm_custom/src/custom_package/src/sub_img.cpp:11:10:[m[K [01;31m[Kfatal error: [m[Krclcpp_components/register_node_macro.hpp: No such file or directory
[0.676s]    11 | #include [01;31m[K"rclcpp_components/register_node_macro.hpp"[m[K
[0.676s]       |          [01;31m[K^~~~~~~~~~~~~~~~~~~~~~~~~~~~~~~~~~~~~~~~~~~[m[K
[0.676s] compilation terminated.
[0.680s] gmake[2]: *** [CMakeFiles/sub_img.dir/build.make:76: CMakeFiles/sub_img.dir/src/sub_img.cpp.o] Error 1
[0.680s] gmake[1]: *** [CMakeFiles/Makefile2:165: CMakeFiles/sub_img.dir/all] Error 2
[0.680s] gmake[1]: *** Waiting for unfinished jobs....
[5.261s] [01m[K/home/rslomron/tm_custom/src/custom_package/src/send_command.cpp:[m[K In function â€˜[01m[Kint main(int, char**)[m[Kâ€™:
[5.261s] [01m[K/home/rslomron/tm_custom/src/custom_package/src/send_command.cpp:24:70:[m[K [01;31m[Kerror: [m[Kâ€˜[01m[Krclcpp::executor[m[Kâ€™ has not been declared
[5.262s]    24 | pp::spin_until_future_complete(node, res_future) != rclcpp::[01;31m[Kexecutor[m[K::FutureReturnCode::SUCCESS){
[5.262s]       |                                                             [01;31m[K^~~~~~~~[m[K
[5.262s] 
[6.353s] gmake[2]: *** [CMakeFiles/tm_send_command.dir/build.make:76: CMakeFiles/tm_send_command.dir/src/send_command.cpp.o] Error 1
[6.353s] gmake[1]: *** [CMakeFiles/Makefile2:139: CMakeFiles/tm_send_command.dir/all] Error 2
[6.353s] gmake: *** [Makefile:146: all] Error 2
