[0.017s] Invoking command in '/home/rslomron/tm_custom/build/demo': AMENT_PREFIX_PATH=/home/rslomron/tm_custom/install/tm_msgs:${AMENT_PREFIX_PATH} CMAKE_PREFIX_PATH=/home/rslomron/tm_custom/install/tm_msgs:/opt/ros/humble LD_LIBRARY_PATH=/home/rslomron/tm_custom/install/tm_msgs/lib:${LD_LIBRARY_PATH} PYTHONPATH=/home/rslomron/tm_custom/install/tm_msgs/local/lib/python3.10/dist-packages:${PYTHONPATH} /usr/bin/cmake --build /home/rslomron/tm_custom/build/demo -- -j8 -l8
[0.069s] [35m[1mConsolidate compiler generated dependencies of target demo_send_script[0m
[0.082s] [35m[1mConsolidate compiler generated dependencies of target demo_set_event[0m
[0.100s] [  7%] Built target demo_ask_sta
[0.109s] [ 14%] Built target demo_write_item
[0.112s] [ 21%] Built target demo_connect_tm
[0.114s] [ 28%] Built target demo_set_io
[0.117s] [ 35%] Built target demo_set_event
[0.119s] [ 39%] [32mBuilding CXX object CMakeFiles/demo_send_script.dir/src/demo_send_script.cpp.o[0m
[0.120s] [ 46%] Built target demo_set_positions
[0.122s] [ 53%] Built target demo_ask_item
[0.148s] [35m[1mConsolidate compiler generated dependencies of target demo_leave_listen_node[0m
[0.166s] [ 60%] Built target demo_get_feedback
[0.175s] [ 67%] Built target demo_get_torque_feedback
[0.177s] [ 75%] Built target demo_get_sta_response
[0.177s] [ 82%] Built target demo_get_sct_response
[0.188s] [ 85%] [32mBuilding CXX object CMakeFiles/demo_leave_listen_node.dir/src/demo_leave_listen_node.cpp.o[0m
[0.194s] [ 92%] Built target demo_get_svr_response
[2.499s] [01m[K/home/rslomron/tm_custom/src/demo/src/demo_send_script.cpp:[m[K In function â€˜[01m[Kbool send_cmd(std::string, std::shared_ptr<rclcpp::Node>, rclcpp::Client<tm_msgs::srv::SendScript>::SharedPtr)[m[Kâ€™:
[2.500s] [01m[K/home/rslomron/tm_custom/src/demo/src/demo_send_script.cpp:26:13:[m[K [01;31m[Kerror: [m[Kâ€˜[01m[Krclcpp::executor[m[Kâ€™ has not been declared
[2.500s]    26 |     rclcpp::[01;31m[Kexecutor[m[K::FutureReturnCode::SUCCESS)
[2.500s]       |             [01;31m[K^~~~~~~~[m[K
[3.093s] gmake[2]: *** [CMakeFiles/demo_send_script.dir/build.make:76: CMakeFiles/demo_send_script.dir/src/demo_send_script.cpp.o] Error 1
[3.093s] gmake[1]: *** [CMakeFiles/Makefile2:163: CMakeFiles/demo_send_script.dir/all] Error 2
[3.093s] gmake[1]: *** Waiting for unfinished jobs....
[3.703s] [ 96%] [32m[1mLinking CXX executable demo_leave_listen_node[0m
[3.866s] [ 96%] Built target demo_leave_listen_node
[3.867s] gmake: *** [Makefile:146: all] Error 2
[3.870s] Invoked command in '/home/rslomron/tm_custom/build/demo' returned '2': AMENT_PREFIX_PATH=/home/rslomron/tm_custom/install/tm_msgs:${AMENT_PREFIX_PATH} CMAKE_PREFIX_PATH=/home/rslomron/tm_custom/install/tm_msgs:/opt/ros/humble LD_LIBRARY_PATH=/home/rslomron/tm_custom/install/tm_msgs/lib:${LD_LIBRARY_PATH} PYTHONPATH=/home/rslomron/tm_custom/install/tm_msgs/local/lib/python3.10/dist-packages:${PYTHONPATH} /usr/bin/cmake --build /home/rslomron/tm_custom/build/demo -- -j8 -l8
