[  3%] [32mBuilding CXX object CMakeFiles/demo_set_positions.dir/src/demo_set_positions.cpp.o[0m
[ 10%] Built target demo_send_script
[ 17%] Built target demo_connect_tm
[ 25%] Built target demo_ask_sta
[ 32%] Built target demo_set_event
[ 39%] Built target demo_write_item
[ 46%] Built target demo_set_io
[ 53%] Built target demo_ask_item
[ 60%] Built target demo_get_torque_feedback
[ 67%] Built target demo_get_sta_response
[ 75%] Built target demo_get_sct_response
[ 82%] Built target demo_get_feedback
[ 89%] Built target demo_get_svr_response
[ 96%] Built target demo_leave_listen_node
[01m[K/home/rslomron/tm_custom/src/demo/src/demo_set_positions.cpp:[m[K In function â€˜[01m[Kint main(int, char**)[m[Kâ€™:
[01m[K/home/rslomron/tm_custom/src/demo/src/demo_set_positions.cpp:44:13:[m[K [01;31m[Kerror: [m[Kâ€˜[01m[Krclcpp::executor[m[Kâ€™ has not been declared
   44 |     rclcpp::[01;31m[Kexecutor[m[K::FutureReturnCode::SUCCESS)
      |             [01;31m[K^~~~~~~~[m[K
gmake[2]: *** [CMakeFiles/demo_set_positions.dir/build.make:76: CMakeFiles/demo_set_positions.dir/src/demo_set_positions.cpp.o] Error 1
gmake[1]: *** [CMakeFiles/Makefile2:293: CMakeFiles/demo_set_positions.dir/all] Error 2
gmake: *** [Makefile:146: all] Error 2
