[01m[K/home/rslomron/tm_custom/src/demo/src/demo_ask_item.cpp:[m[K In function â€˜[01m[Kint main(int, char**)[m[Kâ€™:
[01m[K/home/rslomron/tm_custom/src/demo/src/demo_ask_item.cpp:35:13:[m[K [01;31m[Kerror: [m[Kâ€˜[01m[Krclcpp::executor[m[Kâ€™ has not been declared
   35 |     rclcpp::[01;31m[Kexecutor[m[K::FutureReturnCode::SUCCESS)
      |             [01;31m[K^~~~~~~~[m[K
gmake[2]: *** [CMakeFiles/demo_ask_item.dir/build.make:76: CMakeFiles/demo_ask_item.dir/src/demo_ask_item.cpp.o] Error 1
gmake[1]: *** [CMakeFiles/Makefile2:345: CMakeFiles/demo_ask_item.dir/all] Error 2
gmake[1]: *** Waiting for unfinished jobs....
[01m[K/home/rslomron/tm_custom/src/demo/src/demo_send_script.cpp:[m[K In function â€˜[01m[Kbool send_cmd(std::string, std::shared_ptr<rclcpp::Node>, rclcpp::Client<tm_msgs::srv::SendScript>::SharedPtr)[m[Kâ€™:
[01m[K/home/rslomron/tm_custom/src/demo/src/demo_send_script.cpp:26:13:[m[K [01;31m[Kerror: [m[Kâ€˜[01m[Krclcpp::executor[m[Kâ€™ has not been declared
   26 |     rclcpp::[01;31m[Kexecutor[m[K::FutureReturnCode::SUCCESS)
      |             [01;31m[K^~~~~~~~[m[K
[01m[K/home/rslomron/tm_custom/src/demo/src/demo_set_positions.cpp:[m[K In function â€˜[01m[Kint main(int, char**)[m[Kâ€™:
[01m[K/home/rslomron/tm_custom/src/demo/src/demo_set_positions.cpp:43:13:[m[K [01;31m[Kerror: [m[Kâ€˜[01m[Krclcpp::executor[m[Kâ€™ has not been declared
   43 |     rclcpp::[01;31m[Kexecutor[m[K::FutureReturnCode::SUCCESS)
      |             [01;31m[K^~~~~~~~[m[K
[01m[K/home/rslomron/tm_custom/src/demo/src/demo_connect_tm.cpp:[m[K In function â€˜[01m[Kint main(int, char**)[m[Kâ€™:
[01m[K/home/rslomron/tm_custom/src/demo/src/demo_connect_tm.cpp:36:13:[m[K [01;31m[Kerror: [m[Kâ€˜[01m[Krclcpp::executor[m[Kâ€™ has not been declared
   36 |     rclcpp::[01;31m[Kexecutor[m[K::FutureReturnCode::SUCCESS)
      |             [01;31m[K^~~~~~~~[m[K
[01m[K/home/rslomron/tm_custom/src/demo/src/demo_set_io.cpp:[m[K In function â€˜[01m[Kint main(int, char**)[m[Kâ€™:
[01m[K/home/rslomron/tm_custom/src/demo/src/demo_set_io.cpp:36:13:[m[K [01;31m[Kerror: [m[Kâ€˜[01m[Krclcpp::executor[m[Kâ€™ has not been declared
   36 |     rclcpp::[01;31m[Kexecutor[m[K::FutureReturnCode::SUCCESS)
      |             [01;31m[K^~~~~~~~[m[K
[01m[K/home/rslomron/tm_custom/src/demo/src/demo_set_event.cpp:[m[K In function â€˜[01m[Kint main(int, char**)[m[Kâ€™:
[01m[K/home/rslomron/tm_custom/src/demo/src/demo_set_event.cpp:35:13:[m[K [01;31m[Kerror: [m[Kâ€˜[01m[Krclcpp::executor[m[Kâ€™ has not been declared
   35 |     rclcpp::[01;31m[Kexecutor[m[K::FutureReturnCode::SUCCESS)
      |             [01;31m[K^~~~~~~~[m[K
gmake[2]: *** [CMakeFiles/demo_send_script.dir/build.make:76: CMakeFiles/demo_send_script.dir/src/demo_send_script.cpp.o] Error 1
gmake[1]: *** [CMakeFiles/Makefile2:163: CMakeFiles/demo_send_script.dir/all] Error 2
[01m[K/home/rslomron/tm_custom/src/demo/src/demo_write_item.cpp:[m[K In function â€˜[01m[Kint main(int, char**)[m[Kâ€™:
[01m[K/home/rslomron/tm_custom/src/demo/src/demo_write_item.cpp:35:13:[m[K [01;31m[Kerror: [m[Kâ€˜[01m[Krclcpp::executor[m[Kâ€™ has not been declared
   35 |     rclcpp::[01;31m[Kexecutor[m[K::FutureReturnCode::SUCCESS)
      |             [01;31m[K^~~~~~~~[m[K
gmake[2]: *** [CMakeFiles/demo_connect_tm.dir/build.make:76: CMakeFiles/demo_connect_tm.dir/src/demo_connect_tm.cpp.o] Error 1
gmake[1]: *** [CMakeFiles/Makefile2:215: CMakeFiles/demo_connect_tm.dir/all] Error 2
[01m[K/home/rslomron/tm_custom/src/demo/src/demo_ask_sta.cpp:[m[K In function â€˜[01m[Kint main(int, char**)[m[Kâ€™:
[01m[K/home/rslomron/tm_custom/src/demo/src/demo_ask_sta.cpp:36:13:[m[K [01;31m[Kerror: [m[Kâ€˜[01m[Krclcpp::executor[m[Kâ€™ has not been declared
   36 |     rclcpp::[01;31m[Kexecutor[m[K::FutureReturnCode::SUCCESS)
      |             [01;31m[K^~~~~~~~[m[K
gmake[2]: *** [CMakeFiles/demo_set_io.dir/build.make:76: CMakeFiles/demo_set_io.dir/src/demo_set_io.cpp.o] Error 1
gmake[1]: *** [CMakeFiles/Makefile2:267: CMakeFiles/demo_set_io.dir/all] Error 2
gmake[2]: *** [CMakeFiles/demo_set_positions.dir/build.make:76: CMakeFiles/demo_set_positions.dir/src/demo_set_positions.cpp.o] Error 1
gmake[1]: *** [CMakeFiles/Makefile2:293: CMakeFiles/demo_set_positions.dir/all] Error 2
gmake[2]: *** [CMakeFiles/demo_set_event.dir/build.make:76: CMakeFiles/demo_set_event.dir/src/demo_set_event.cpp.o] Error 1
gmake[1]: *** [CMakeFiles/Makefile2:241: CMakeFiles/demo_set_event.dir/all] Error 2
gmake[2]: *** [CMakeFiles/demo_write_item.dir/build.make:76: CMakeFiles/demo_write_item.dir/src/demo_write_item.cpp.o] Error 1
gmake[1]: *** [CMakeFiles/Makefile2:319: CMakeFiles/demo_write_item.dir/all] Error 2
gmake[2]: *** [CMakeFiles/demo_ask_sta.dir/build.make:76: CMakeFiles/demo_ask_sta.dir/src/demo_ask_sta.cpp.o] Error 1
gmake[1]: *** [CMakeFiles/Makefile2:189: CMakeFiles/demo_ask_sta.dir/all] Error 2
gmake: *** [Makefile:146: all] Error 2
