-- Found ament_cmake: 1.3.8 (/opt/ros/humble/share/ament_cmake/cmake)
-- Found rclcpp: 16.0.8 (/opt/ros/humble/share/rclcpp/cmake)
-- Found rosidl_generator_c: 3.1.5 (/opt/ros/humble/share/rosidl_generator_c/cmake)
-- Found rosidl_adapter: 3.1.5 (/opt/ros/humble/share/rosidl_adapter/cmake)
-- Found rosidl_generator_cpp: 3.1.5 (/opt/ros/humble/share/rosidl_generator_cpp/cmake)
-- Using all available rosidl_typesupport_c: rosidl_typesupport_fastrtps_c;rosidl_typesupport_introspection_c
-- Using all available rosidl_typesupport_cpp: rosidl_typesupport_fastrtps_cpp;rosidl_typesupport_introspection_cpp
-- Found rmw_implementation_cmake: 6.1.1 (/opt/ros/humble/share/rmw_implementation_cmake/cmake)
-- Found rmw_fastrtps_cpp: 6.2.6 (/opt/ros/humble/share/rmw_fastrtps_cpp/cmake)
-- Using RMW implementation 'rmw_fastrtps_cpp' as default
-- Found sensor_msgs: 4.2.3 (/opt/ros/humble/share/sensor_msgs/cmake)
-- Found tm_msgs: 0.0.0 (/home/rslomron/tm_custom/install/tm_msgs/share/tm_msgs/cmake)
-- Found ament_lint_auto: 0.12.10 (/opt/ros/humble/share/ament_lint_auto/cmake)
-- Added test 'copyright' to check source files copyright and LICENSE
-- Added test 'cppcheck' to perform static code analysis on C / C++ code
-- Configured cppcheck include dirs: /home/rslomron/tm_custom/src/tm_driver/include
-- Configured cppcheck exclude dirs and/or files: 
-- Added test 'cpplint' to check C / C++ code against the Google style
-- Configured cpplint exclude dirs and/or files: 
-- Added test 'flake8' to check Python code syntax and style conventions
-- Added test 'lint_cmake' to check CMake code style
-- Added test 'pep257' to check Python code against some of the docstring style conventions in PEP 257
-- Added test 'uncrustify' to check C / C++ code style
-- Configured uncrustify additional arguments: 
-- Added test 'xmllint' to check XML markup files
-- Configuring done
-- Generating done
-- Build files have been written to: /home/rslomron/tm_custom/build/tm_driver
[35m[1mConsolidate compiler generated dependencies of target tm_driver[0m
[ 13%] [32mBuilding CXX object CMakeFiles/tm_driver.dir/src/tm_ros2_composition.cpp.o[0m
[ 13%] [32mBuilding CXX object CMakeFiles/tm_driver.dir/src/tm_ros2_sct.cpp.o[0m
[ 20%] [32mBuilding CXX object CMakeFiles/tm_driver.dir/src/tm_ros2_svr.cpp.o[0m
[ 33%] [32mBuilding CXX object CMakeFiles/tm_driver.dir/src/tm_driver_utilities.cpp.o[0m
[ 33%] [32mBuilding CXX object CMakeFiles/tm_driver.dir/src/tm_packet.cpp.o[0m
[ 40%] [32mBuilding CXX object CMakeFiles/tm_driver.dir/src/tm_print.cpp.o[0m
[ 46%] [32mBuilding CXX object CMakeFiles/tm_driver.dir/src/tm_listen_node_connect.cpp.o[0m
[ 53%] [32mBuilding CXX object CMakeFiles/tm_driver.dir/src/tm_robot_state.cpp.o[0m
In file included from [01m[K/home/rslomron/tm_custom/src/tm_driver/src/tm_ros2_composition.cpp:1[m[K:
[01m[K/home/rslomron/tm_custom/src/tm_driver/include/tm_driver/tm_ros2_svr.h:6:10:[m[K [01;31m[Kfatal error: [m[Ktm_msgs/msg/feedback_state.hpp: No such file or directory
    6 | #include [01;31m[K"tm_msgs/msg/feedback_state.hpp"[m[K
      |          [01;31m[K^~~~~~~~~~~~~~~~~~~~~~~~~~~~~~~~[m[K
compilation terminated.
In file included from [01m[K/home/rslomron/tm_custom/src/tm_driver/src/tm_ros2_sct.cpp:1[m[K:
[01m[K/home/rslomron/tm_custom/src/tm_driver/include/tm_driver/tm_ros2_sct.h:7:10:[m[K [01;31m[Kfatal error: [m[Ktm_msgs/msg/sct_response.hpp: No such file or directory
    7 | #include [01;31m[K"tm_msgs/msg/sct_response.hpp"[m[K
      |          [01;31m[K^~~~~~~~~~~~~~~~~~~~~~~~~~~~~~[m[K
compilation terminated.
gmake[2]: *** [CMakeFiles/tm_driver.dir/build.make:76: CMakeFiles/tm_driver.dir/src/tm_ros2_composition.cpp.o] Error 1
gmake[2]: *** Waiting for unfinished jobs....
gmake[2]: *** [CMakeFiles/tm_driver.dir/build.make:90: CMakeFiles/tm_driver.dir/src/tm_ros2_sct.cpp.o] Error 1
In file included from [01m[K/home/rslomron/tm_custom/src/tm_driver/src/tm_ros2_svr.cpp:1[m[K:
[01m[K/home/rslomron/tm_custom/src/tm_driver/include/tm_driver/tm_ros2_svr.h:6:10:[m[K [01;31m[Kfatal error: [m[Ktm_msgs/msg/feedback_state.hpp: No such file or directory
    6 | #include [01;31m[K"tm_msgs/msg/feedback_state.hpp"[m[K
      |          [01;31m[K^~~~~~~~~~~~~~~~~~~~~~~~~~~~~~~~[m[K
compilation terminated.
gmake[2]: *** [CMakeFiles/tm_driver.dir/build.make:104: CMakeFiles/tm_driver.dir/src/tm_ros2_svr.cpp.o] Error 1
gmake[1]: *** [CMakeFiles/Makefile2:137: CMakeFiles/tm_driver.dir/all] Error 2
gmake: *** [Makefile:146: all] Error 2
