[0.013s] Invoking command in '/home/rslomron/tm_custom/build/tm_driver': CMAKE_PREFIX_PATH=${CMAKE_PREFIX_PATH}:/home/rslomron/tm_custom/install/tm_mod_urdf:/home/rslomron/tm_custom/install/tm_get_status:/opt/ros/humble /usr/bin/cmake --build /home/rslomron/tm_custom/build/tm_driver -- -j8 -l8
[0.037s] -- Found ament_cmake: 1.3.8 (/opt/ros/humble/share/ament_cmake/cmake)
[0.162s] -- Found rclcpp: 16.0.8 (/opt/ros/humble/share/rclcpp/cmake)
[0.190s] -- Found rosidl_generator_c: 3.1.5 (/opt/ros/humble/share/rosidl_generator_c/cmake)
[0.193s] -- Found rosidl_adapter: 3.1.5 (/opt/ros/humble/share/rosidl_adapter/cmake)
[0.199s] -- Found rosidl_generator_cpp: 3.1.5 (/opt/ros/humble/share/rosidl_generator_cpp/cmake)
[0.211s] -- Using all available rosidl_typesupport_c: rosidl_typesupport_fastrtps_c;rosidl_typesupport_introspection_c
[0.229s] -- Using all available rosidl_typesupport_cpp: rosidl_typesupport_fastrtps_cpp;rosidl_typesupport_introspection_cpp
[0.288s] -- Found rmw_implementation_cmake: 6.1.1 (/opt/ros/humble/share/rmw_implementation_cmake/cmake)
[0.290s] -- Found rmw_fastrtps_cpp: 6.2.6 (/opt/ros/humble/share/rmw_fastrtps_cpp/cmake)
[0.404s] -- Using RMW implementation 'rmw_fastrtps_cpp' as default
[0.560s] -- Found sensor_msgs: 4.2.3 (/opt/ros/humble/share/sensor_msgs/cmake)
[0.683s] -- Found tm_msgs: 0.0.0 (/home/rslomron/tm_custom/install/tm_msgs/share/tm_msgs/cmake)
[0.692s] -- Found ament_lint_auto: 0.12.10 (/opt/ros/humble/share/ament_lint_auto/cmake)
[0.770s] -- Added test 'copyright' to check source files copyright and LICENSE
[0.772s] -- Added test 'cppcheck' to perform static code analysis on C / C++ code
[0.772s] -- Configured cppcheck include dirs: /home/rslomron/tm_custom/src/tm_driver/include
[0.772s] -- Configured cppcheck exclude dirs and/or files: 
[0.773s] -- Added test 'cpplint' to check C / C++ code against the Google style
[0.774s] -- Configured cpplint exclude dirs and/or files: 
[0.774s] -- Added test 'flake8' to check Python code syntax and style conventions
[0.775s] -- Added test 'lint_cmake' to check CMake code style
[0.775s] -- Added test 'pep257' to check Python code against some of the docstring style conventions in PEP 257
[0.776s] -- Added test 'uncrustify' to check C / C++ code style
[0.777s] -- Configured uncrustify additional arguments: 
[0.777s] -- Added test 'xmllint' to check XML markup files
[0.778s] -- Configuring done
[0.788s] -- Generating done
[0.790s] -- Build files have been written to: /home/rslomron/tm_custom/build/tm_driver
[0.822s] [35m[1mConsolidate compiler generated dependencies of target tm_driver[0m
[0.850s] [ 13%] [32mBuilding CXX object CMakeFiles/tm_driver.dir/src/tm_ros2_composition.cpp.o[0m
[0.850s] [ 13%] [32mBuilding CXX object CMakeFiles/tm_driver.dir/src/tm_ros2_sct.cpp.o[0m
[0.851s] [ 20%] [32mBuilding CXX object CMakeFiles/tm_driver.dir/src/tm_ros2_svr.cpp.o[0m
[0.853s] [ 33%] [32mBuilding CXX object CMakeFiles/tm_driver.dir/src/tm_driver_utilities.cpp.o[0m
[0.853s] [ 33%] [32mBuilding CXX object CMakeFiles/tm_driver.dir/src/tm_packet.cpp.o[0m
[0.853s] [ 40%] [32mBuilding CXX object CMakeFiles/tm_driver.dir/src/tm_print.cpp.o[0m
[0.853s] [ 46%] [32mBuilding CXX object CMakeFiles/tm_driver.dir/src/tm_listen_node_connect.cpp.o[0m
[0.854s] [ 53%] [32mBuilding CXX object CMakeFiles/tm_driver.dir/src/tm_robot_state.cpp.o[0m
[1.262s] In file included from [01m[K/home/rslomron/tm_custom/src/tm_driver/src/tm_ros2_composition.cpp:1[m[K:
[1.262s] [01m[K/home/rslomron/tm_custom/src/tm_driver/include/tm_driver/tm_ros2_svr.h:6:10:[m[K [01;31m[Kfatal error: [m[Ktm_msgs/msg/feedback_state.hpp: No such file or directory
[1.262s]     6 | #include [01;31m[K"tm_msgs/msg/feedback_state.hpp"[m[K
[1.262s]       |          [01;31m[K^~~~~~~~~~~~~~~~~~~~~~~~~~~~~~~~[m[K
[1.262s] compilation terminated.
[1.262s] In file included from [01m[K/home/rslomron/tm_custom/src/tm_driver/src/tm_ros2_sct.cpp:1[m[K:
[1.262s] [01m[K/home/rslomron/tm_custom/src/tm_driver/include/tm_driver/tm_ros2_sct.h:7:10:[m[K [01;31m[Kfatal error: [m[Ktm_msgs/msg/sct_response.hpp: No such file or directory
[1.263s]     7 | #include [01;31m[K"tm_msgs/msg/sct_response.hpp"[m[K
[1.263s]       |          [01;31m[K^~~~~~~~~~~~~~~~~~~~~~~~~~~~~~[m[K
[1.263s] compilation terminated.
[1.266s] gmake[2]: *** [CMakeFiles/tm_driver.dir/build.make:76: CMakeFiles/tm_driver.dir/src/tm_ros2_composition.cpp.o] Error 1
[1.266s] gmake[2]: *** Waiting for unfinished jobs....
[1.266s] gmake[2]: *** [CMakeFiles/tm_driver.dir/build.make:90: CMakeFiles/tm_driver.dir/src/tm_ros2_sct.cpp.o] Error 1
[1.293s] In file included from [01m[K/home/rslomron/tm_custom/src/tm_driver/src/tm_ros2_svr.cpp:1[m[K:
[1.293s] [01m[K/home/rslomron/tm_custom/src/tm_driver/include/tm_driver/tm_ros2_svr.h:6:10:[m[K [01;31m[Kfatal error: [m[Ktm_msgs/msg/feedback_state.hpp: No such file or directory
[1.293s]     6 | #include [01;31m[K"tm_msgs/msg/feedback_state.hpp"[m[K
[1.293s]       |          [01;31m[K^~~~~~~~~~~~~~~~~~~~~~~~~~~~~~~~[m[K
[1.293s] compilation terminated.
[1.296s] gmake[2]: *** [CMakeFiles/tm_driver.dir/build.make:104: CMakeFiles/tm_driver.dir/src/tm_ros2_svr.cpp.o] Error 1
[4.565s] gmake[1]: *** [CMakeFiles/Makefile2:137: CMakeFiles/tm_driver.dir/all] Error 2
[4.565s] gmake: *** [Makefile:146: all] Error 2
[4.567s] Invoked command in '/home/rslomron/tm_custom/build/tm_driver' returned '2': CMAKE_PREFIX_PATH=${CMAKE_PREFIX_PATH}:/home/rslomron/tm_custom/install/tm_mod_urdf:/home/rslomron/tm_custom/install/tm_get_status:/opt/ros/humble /usr/bin/cmake --build /home/rslomron/tm_custom/build/tm_driver -- -j8 -l8
