[0.013s] Invoking command in '/home/rslomron/tm_custom/build/demo': CMAKE_PREFIX_PATH=${CMAKE_PREFIX_PATH}:/home/rslomron/tm_custom/install/tm_mod_urdf:/home/rslomron/tm_custom/install/tm_get_status:/opt/ros/humble /usr/bin/cmake --build /home/rslomron/tm_custom/build/demo -- -j8 -l8
[0.036s] -- Found ament_cmake: 1.3.8 (/opt/ros/humble/share/ament_cmake/cmake)
[0.183s] -- Found rclcpp: 16.0.8 (/opt/ros/humble/share/rclcpp/cmake)
[0.260s] -- Found rosidl_generator_c: 3.1.5 (/opt/ros/humble/share/rosidl_generator_c/cmake)
[0.266s] -- Found rosidl_adapter: 3.1.5 (/opt/ros/humble/share/rosidl_adapter/cmake)
[0.276s] -- Found rosidl_generator_cpp: 3.1.5 (/opt/ros/humble/share/rosidl_generator_cpp/cmake)
[0.292s] -- Using all available rosidl_typesupport_c: rosidl_typesupport_fastrtps_c;rosidl_typesupport_introspection_c
[0.315s] -- Using all available rosidl_typesupport_cpp: rosidl_typesupport_fastrtps_cpp;rosidl_typesupport_introspection_cpp
[0.395s] -- Found rmw_implementation_cmake: 6.1.1 (/opt/ros/humble/share/rmw_implementation_cmake/cmake)
[0.399s] -- Found rmw_fastrtps_cpp: 6.2.6 (/opt/ros/humble/share/rmw_fastrtps_cpp/cmake)
[0.503s] -- Found OpenSSL: /usr/lib/x86_64-linux-gnu/libcrypto.so (found version "3.0.2")  
[0.527s] -- Found FastRTPS: /opt/ros/humble/include  
[0.572s] -- Using RMW implementation 'rmw_fastrtps_cpp' as default
[0.583s] -- Looking for pthread.h
[0.656s] -- Looking for pthread.h - found
[0.656s] -- Performing Test CMAKE_HAVE_LIBC_PTHREAD
[0.728s] -- Performing Test CMAKE_HAVE_LIBC_PTHREAD - Success
[0.729s] -- Found Threads: TRUE  
[0.889s] -- Found sensor_msgs: 4.2.3 (/opt/ros/humble/share/sensor_msgs/cmake)
[1.011s] -- Found tm_msgs: 1.1.2 (/home/rslomron/tm_custom/install/tm_msgs/share/tm_msgs/cmake)
[1.056s] -- Found ament_lint_auto: 0.12.10 (/opt/ros/humble/share/ament_lint_auto/cmake)
[1.166s] -- Added test 'cppcheck' to perform static code analysis on C / C++ code
[1.167s] -- Configured cppcheck include dirs: /home/rslomron/tm_custom/src/demo/include
[1.167s] -- Configured cppcheck exclude dirs and/or files: 
[1.168s] -- Added test 'lint_cmake' to check CMake code style
[1.169s] -- Added test 'uncrustify' to check C / C++ code style
[1.169s] -- Configured uncrustify additional arguments: 
[1.170s] -- Added test 'xmllint' to check XML markup files
[1.170s] -- Configuring done
[1.219s] -- Generating done
[1.221s] -- Build files have been written to: /home/rslomron/tm_custom/build/demo
[1.271s] [ 21%] [32mBuilding CXX object CMakeFiles/demo_set_io.dir/src/demo_set_io.cpp.o[0m
[1.271s] [ 21%] [32mBuilding CXX object CMakeFiles/demo_connect_tm.dir/src/demo_connect_tm.cpp.o[0m
[1.272s] [ 21%] [32mBuilding CXX object CMakeFiles/demo_send_script.dir/src/demo_send_script.cpp.o[0m
[1.272s] [ 21%] [32mBuilding CXX object CMakeFiles/demo_ask_sta.dir/src/demo_ask_sta.cpp.o[0m
[1.272s] [ 21%] [32mBuilding CXX object CMakeFiles/demo_set_event.dir/src/demo_set_event.cpp.o[0m
[1.272s] [ 21%] [32mBuilding CXX object CMakeFiles/demo_set_positions.dir/src/demo_set_positions.cpp.o[0m
[1.272s] [ 25%] [32mBuilding CXX object CMakeFiles/demo_write_item.dir/src/demo_write_item.cpp.o[0m
[1.273s] [ 28%] [32mBuilding CXX object CMakeFiles/demo_ask_item.dir/src/demo_ask_item.cpp.o[0m
[5.164s] [01m[K/home/rslomron/tm_custom/src/demo/src/demo_ask_sta.cpp:[m[K In function â€˜[01m[Kint main(int, char**)[m[Kâ€™:
[5.164s] [01m[K/home/rslomron/tm_custom/src/demo/src/demo_ask_sta.cpp:36:13:[m[K [01;31m[Kerror: [m[Kâ€˜[01m[Krclcpp::executor[m[Kâ€™ has not been declared
[5.164s]    36 |     rclcpp::[01;31m[Kexecutor[m[K::FutureReturnCode::SUCCESS)
[5.164s]       |             [01;31m[K^~~~~~~~[m[K
[5.170s] [01m[K/home/rslomron/tm_custom/src/demo/src/demo_write_item.cpp:[m[K In function â€˜[01m[Kint main(int, char**)[m[Kâ€™:
[5.170s] [01m[K/home/rslomron/tm_custom/src/demo/src/demo_write_item.cpp:35:13:[m[K [01;31m[Kerror: [m[Kâ€˜[01m[Krclcpp::executor[m[Kâ€™ has not been declared
[5.170s]    35 |     rclcpp::[01;31m[Kexecutor[m[K::FutureReturnCode::SUCCESS)
[5.170s]       |             [01;31m[K^~~~~~~~[m[K
[5.282s] [01m[K/home/rslomron/tm_custom/src/demo/src/demo_send_script.cpp:[m[K In function â€˜[01m[Kbool send_cmd(std::string, std::shared_ptr<rclcpp::Node>, rclcpp::Client<tm_msgs::srv::SendScript>::SharedPtr)[m[Kâ€™:
[5.282s] [01m[K/home/rslomron/tm_custom/src/demo/src/demo_send_script.cpp:26:13:[m[K [01;31m[Kerror: [m[Kâ€˜[01m[Krclcpp::executor[m[Kâ€™ has not been declared
[5.282s]    26 |     rclcpp::[01;31m[Kexecutor[m[K::FutureReturnCode::SUCCESS)
[5.282s]       |             [01;31m[K^~~~~~~~[m[K
[5.283s] [01m[K/home/rslomron/tm_custom/src/demo/src/demo_set_event.cpp:[m[K In function â€˜[01m[Kint main(int, char**)[m[Kâ€™:
[5.283s] [01m[K/home/rslomron/tm_custom/src/demo/src/demo_set_event.cpp:35:13:[m[K [01;31m[Kerror: [m[Kâ€˜[01m[Krclcpp::executor[m[Kâ€™ has not been declared
[5.283s]    35 |     rclcpp::[01;31m[Kexecutor[m[K::FutureReturnCode::SUCCESS)
[5.283s]       |             [01;31m[K^~~~~~~~[m[K
[5.292s] [01m[K/home/rslomron/tm_custom/src/demo/src/demo_set_io.cpp:[m[K In function â€˜[01m[Kint main(int, char**)[m[Kâ€™:
[5.292s] [01m[K/home/rslomron/tm_custom/src/demo/src/demo_set_io.cpp:36:13:[m[K [01;31m[Kerror: [m[Kâ€˜[01m[Krclcpp::executor[m[Kâ€™ has not been declared
[5.292s]    36 |     rclcpp::[01;31m[Kexecutor[m[K::FutureReturnCode::SUCCESS)
[5.292s]       |             [01;31m[K^~~~~~~~[m[K
[5.585s] [01m[K/home/rslomron/tm_custom/src/demo/src/demo_set_positions.cpp:[m[K In function â€˜[01m[Kint main(int, char**)[m[Kâ€™:
[5.585s] [01m[K/home/rslomron/tm_custom/src/demo/src/demo_set_positions.cpp:43:13:[m[K [01;31m[Kerror: [m[Kâ€˜[01m[Krclcpp::executor[m[Kâ€™ has not been declared
[5.585s]    43 |     rclcpp::[01;31m[Kexecutor[m[K::FutureReturnCode::SUCCESS)
[5.585s]       |             [01;31m[K^~~~~~~~[m[K
[5.631s] [01m[K/home/rslomron/tm_custom/src/demo/src/demo_ask_item.cpp:[m[K In function â€˜[01m[Kint main(int, char**)[m[Kâ€™:
[5.631s] [01m[K/home/rslomron/tm_custom/src/demo/src/demo_ask_item.cpp:35:13:[m[K [01;31m[Kerror: [m[Kâ€˜[01m[Krclcpp::executor[m[Kâ€™ has not been declared
[5.631s]    35 |     rclcpp::[01;31m[Kexecutor[m[K::FutureReturnCode::SUCCESS)
[5.631s]       |             [01;31m[K^~~~~~~~[m[K
[5.903s] [01m[K/home/rslomron/tm_custom/src/demo/src/demo_connect_tm.cpp:[m[K In function â€˜[01m[Kint main(int, char**)[m[Kâ€™:
[5.904s] [01m[K/home/rslomron/tm_custom/src/demo/src/demo_connect_tm.cpp:36:13:[m[K [01;31m[Kerror: [m[Kâ€˜[01m[Krclcpp::executor[m[Kâ€™ has not been declared
[5.904s]    36 |     rclcpp::[01;31m[Kexecutor[m[K::FutureReturnCode::SUCCESS)
[5.904s]       |             [01;31m[K^~~~~~~~[m[K
[6.110s] gmake[2]: *** [CMakeFiles/demo_ask_sta.dir/build.make:76: CMakeFiles/demo_ask_sta.dir/src/demo_ask_sta.cpp.o] Error 1
[6.110s] gmake[1]: *** [CMakeFiles/Makefile2:189: CMakeFiles/demo_ask_sta.dir/all] Error 2
[6.110s] gmake[1]: *** Waiting for unfinished jobs....
[6.112s] gmake[2]: *** [CMakeFiles/demo_write_item.dir/build.make:76: CMakeFiles/demo_write_item.dir/src/demo_write_item.cpp.o] Error 1
[6.112s] gmake[1]: *** [CMakeFiles/Makefile2:319: CMakeFiles/demo_write_item.dir/all] Error 2
[6.200s] gmake[2]: *** [CMakeFiles/demo_set_io.dir/build.make:76: CMakeFiles/demo_set_io.dir/src/demo_set_io.cpp.o] Error 1
[6.200s] gmake[1]: *** [CMakeFiles/Makefile2:267: CMakeFiles/demo_set_io.dir/all] Error 2
[6.244s] gmake[2]: *** [CMakeFiles/demo_send_script.dir/build.make:76: CMakeFiles/demo_send_script.dir/src/demo_send_script.cpp.o] Error 1
[6.244s] gmake[1]: *** [CMakeFiles/Makefile2:163: CMakeFiles/demo_send_script.dir/all] Error 2
[6.311s] gmake[2]: *** [CMakeFiles/demo_set_event.dir/build.make:76: CMakeFiles/demo_set_event.dir/src/demo_set_event.cpp.o] Error 1
[6.312s] gmake[1]: *** [CMakeFiles/Makefile2:241: CMakeFiles/demo_set_event.dir/all] Error 2
[6.458s] gmake[2]: *** [CMakeFiles/demo_ask_item.dir/build.make:76: CMakeFiles/demo_ask_item.dir/src/demo_ask_item.cpp.o] Error 1
[6.458s] gmake[1]: *** [CMakeFiles/Makefile2:345: CMakeFiles/demo_ask_item.dir/all] Error 2
[6.483s] gmake[2]: *** [CMakeFiles/demo_set_positions.dir/build.make:76: CMakeFiles/demo_set_positions.dir/src/demo_set_positions.cpp.o] Error 1
[6.483s] gmake[1]: *** [CMakeFiles/Makefile2:293: CMakeFiles/demo_set_positions.dir/all] Error 2
[6.660s] gmake[2]: *** [CMakeFiles/demo_connect_tm.dir/build.make:76: CMakeFiles/demo_connect_tm.dir/src/demo_connect_tm.cpp.o] Error 1
[6.661s] gmake[1]: *** [CMakeFiles/Makefile2:215: CMakeFiles/demo_connect_tm.dir/all] Error 2
[6.661s] gmake: *** [Makefile:146: all] Error 2
[6.663s] Invoked command in '/home/rslomron/tm_custom/build/demo' returned '2': CMAKE_PREFIX_PATH=${CMAKE_PREFIX_PATH}:/home/rslomron/tm_custom/install/tm_mod_urdf:/home/rslomron/tm_custom/install/tm_get_status:/opt/ros/humble /usr/bin/cmake --build /home/rslomron/tm_custom/build/demo -- -j8 -l8
