[0.035s] Invoking command in '/home/rslomron/tm_custom/build/custom_package': AMENT_PREFIX_PATH=/home/rslomron/tm_custom/install/techman_robot_msgs:${AMENT_PREFIX_PATH} CMAKE_PREFIX_PATH=/home/rslomron/tm_custom/install/techman_robot_msgs:/opt/ros/humble LD_LIBRARY_PATH=/home/rslomron/tm_custom/install/techman_robot_msgs/lib:${LD_LIBRARY_PATH} PYTHONPATH=/home/rslomron/tm_custom/install/techman_robot_msgs/local/lib/python3.10/dist-packages:${PYTHONPATH} /usr/bin/cmake --build /home/rslomron/tm_custom/build/custom_package -- -j8 -l8
[0.111s] -- Found ament_cmake: 1.3.8 (/opt/ros/humble/share/ament_cmake/cmake)
[0.248s] -- Found rclcpp: 16.0.8 (/opt/ros/humble/share/rclcpp/cmake)
[0.307s] -- Found rosidl_generator_c: 3.1.5 (/opt/ros/humble/share/rosidl_generator_c/cmake)
[0.307s] -- Found rosidl_adapter: 3.1.5 (/opt/ros/humble/share/rosidl_adapter/cmake)
[0.313s] -- Found rosidl_generator_cpp: 3.1.5 (/opt/ros/humble/share/rosidl_generator_cpp/cmake)
[0.332s] -- Using all available rosidl_typesupport_c: rosidl_typesupport_fastrtps_c;rosidl_typesupport_introspection_c
[0.361s] -- Using all available rosidl_typesupport_cpp: rosidl_typesupport_fastrtps_cpp;rosidl_typesupport_introspection_cpp
[0.432s] -- Found rmw_implementation_cmake: 6.1.1 (/opt/ros/humble/share/rmw_implementation_cmake/cmake)
[0.434s] -- Found rmw_fastrtps_cpp: 6.2.6 (/opt/ros/humble/share/rmw_fastrtps_cpp/cmake)
[0.582s] -- Using RMW implementation 'rmw_fastrtps_cpp' as default
[0.894s] -- Found rclcpp_components: 16.0.8 (/opt/ros/humble/share/rclcpp_components/cmake)
[1.013s] -- Found sensor_msgs: 4.2.3 (/opt/ros/humble/share/sensor_msgs/cmake)
[1.402s] -- Found techman_robot_msgs: 1.0.0 (/home/rslomron/tm_custom/install/techman_robot_msgs/share/techman_robot_msgs/cmake)
[1.463s] -- Found tf2: 0.25.6 (/opt/ros/humble/share/tf2/cmake)
[1.465s] -- Found ament_lint_auto: 0.12.10 (/opt/ros/humble/share/ament_lint_auto/cmake)
[1.710s] -- Added test 'cppcheck' to perform static code analysis on C / C++ code
[1.710s] -- Configured cppcheck include dirs: 
[1.710s] -- Configured cppcheck exclude dirs and/or files: 
[1.722s] -- Added test 'lint_cmake' to check CMake code style
[1.724s] -- Added test 'uncrustify' to check C / C++ code style
[1.724s] -- Configured uncrustify additional arguments: 
[1.724s] -- Added test 'xmllint' to check XML markup files
[1.725s] -- Configuring done
[1.771s] -- Generating done
[1.791s] -- Build files have been written to: /home/rslomron/tm_custom/build/custom_package
[1.926s] [35m[1mConsolidate compiler generated dependencies of target sub_img[0m
[1.926s] [35m[1mConsolidate compiler generated dependencies of target tm_send_command[0m
[2.000s] [ 25%] [32mBuilding CXX object CMakeFiles/sub_img.dir/src/sub_img.cpp.o[0m
[2.033s] [ 50%] [32mBuilding CXX object CMakeFiles/tm_send_command.dir/src/send_command.cpp.o[0m
[10.090s] [01m[K/home/rslomron/tm_custom/src/custom_package/src/send_command.cpp:[m[K In function â€˜[01m[Kint main(int, char**)[m[Kâ€™:
[10.090s] [01m[K/home/rslomron/tm_custom/src/custom_package/src/send_command.cpp:24:70:[m[K [01;31m[Kerror: [m[Kâ€˜[01m[Krclcpp::executor[m[Kâ€™ has not been declared
[10.090s]    24 |   if(rclcpp::spin_until_future_complete(node, res_future) != rclcpp::[01;31m[Kexecutor[m[K::FutureReturnCode::SUCCESS){
[10.091s]       |                                                                      [01;31m[K^~~~~~~~[m[K
[11.066s] gmake[2]: *** [CMakeFiles/tm_send_command.dir/build.make:76: CMakeFiles/tm_send_command.dir/src/send_command.cpp.o] Error 1
[11.066s] gmake[1]: *** [CMakeFiles/Makefile2:139: CMakeFiles/tm_send_command.dir/all] Error 2
[11.067s] gmake[1]: *** Waiting for unfinished jobs....
[16.867s] [ 75%] [32m[1mLinking CXX executable sub_img[0m
[17.563s] [ 75%] Built target sub_img
[17.564s] gmake: *** [Makefile:146: all] Error 2
