[0.013s] Invoking command in '/home/rslomron/tm_custom/build/tm_driver': CMAKE_PREFIX_PATH=${CMAKE_PREFIX_PATH}:/home/rslomron/tm_custom/install/tm_mod_urdf:/home/rslomron/tm_custom/install/tm_get_status:/opt/ros/humble /usr/bin/cmake --build /home/rslomron/tm_custom/build/tm_driver -- -j8 -l8
[0.035s] -- Found ament_cmake: 1.3.8 (/opt/ros/humble/share/ament_cmake/cmake)
[0.160s] -- Found rclcpp: 16.0.8 (/opt/ros/humble/share/rclcpp/cmake)
[0.225s] -- Found rosidl_generator_c: 3.1.5 (/opt/ros/humble/share/rosidl_generator_c/cmake)
[0.233s] -- Found rosidl_adapter: 3.1.5 (/opt/ros/humble/share/rosidl_adapter/cmake)
[0.246s] -- Found rosidl_generator_cpp: 3.1.5 (/opt/ros/humble/share/rosidl_generator_cpp/cmake)
[0.266s] -- Using all available rosidl_typesupport_c: rosidl_typesupport_fastrtps_c;rosidl_typesupport_introspection_c
[0.293s] -- Using all available rosidl_typesupport_cpp: rosidl_typesupport_fastrtps_cpp;rosidl_typesupport_introspection_cpp
[0.381s] -- Found rmw_implementation_cmake: 6.1.1 (/opt/ros/humble/share/rmw_implementation_cmake/cmake)
[0.385s] -- Found rmw_fastrtps_cpp: 6.2.6 (/opt/ros/humble/share/rmw_fastrtps_cpp/cmake)
[0.495s] -- Found OpenSSL: /usr/lib/x86_64-linux-gnu/libcrypto.so (found version "3.0.2")  
[0.520s] -- Found FastRTPS: /opt/ros/humble/include  
[0.565s] -- Using RMW implementation 'rmw_fastrtps_cpp' as default
[0.579s] -- Looking for pthread.h
[0.649s] -- Looking for pthread.h - found
[0.649s] -- Performing Test CMAKE_HAVE_LIBC_PTHREAD
[0.719s] -- Performing Test CMAKE_HAVE_LIBC_PTHREAD - Success
[0.720s] -- Found Threads: TRUE  
[0.902s] -- Found sensor_msgs: 4.2.3 (/opt/ros/humble/share/sensor_msgs/cmake)
[1.036s] -- Found tm_msgs: 0.0.0 (/home/rslomron/tm_custom/install/tm_msgs/share/tm_msgs/cmake)
[1.037s] -- Found ament_lint_auto: 0.12.10 (/opt/ros/humble/share/ament_lint_auto/cmake)
[1.114s] -- Added test 'copyright' to check source files copyright and LICENSE
[1.116s] -- Added test 'cppcheck' to perform static code analysis on C / C++ code
[1.116s] -- Configured cppcheck include dirs: /home/rslomron/tm_custom/src/tm_driver/include
[1.116s] -- Configured cppcheck exclude dirs and/or files: 
[1.117s] -- Added test 'cpplint' to check C / C++ code against the Google style
[1.118s] -- Configured cpplint exclude dirs and/or files: 
[1.118s] -- Added test 'flake8' to check Python code syntax and style conventions
[1.119s] -- Added test 'lint_cmake' to check CMake code style
[1.119s] -- Added test 'pep257' to check Python code against some of the docstring style conventions in PEP 257
[1.121s] -- Added test 'uncrustify' to check C / C++ code style
[1.121s] -- Configured uncrustify additional arguments: 
[1.121s] -- Added test 'xmllint' to check XML markup files
[1.122s] -- Configuring done
[1.133s] -- Generating done
[1.134s] -- Build files have been written to: /home/rslomron/tm_custom/build/tm_driver
[1.180s] [ 20%] [32mBuilding CXX object CMakeFiles/tm_driver.dir/src/tm_ros2_sct.cpp.o[0m
[1.180s] [ 20%] [32mBuilding CXX object CMakeFiles/tm_driver.dir/src/tm_ros2_svr.cpp.o[0m
[1.180s] [ 20%] [32mBuilding CXX object CMakeFiles/tm_driver.dir/src/tm_sct_communication.cpp.o[0m
[1.181s] [ 26%] [32mBuilding CXX object CMakeFiles/tm_driver.dir/src/tm_svr_communication.cpp.o[0m
[1.181s] [ 33%] [32mBuilding CXX object CMakeFiles/tm_driver.dir/src/tm_communication.cpp.o[0m
[1.181s] [ 40%] [32mBuilding CXX object CMakeFiles/tm_driver.dir/src/tm_command.cpp.o[0m
[1.181s] [ 46%] [32mBuilding CXX object CMakeFiles/tm_driver.dir/src/tm_ros2_composition.cpp.o[0m
[1.182s] [ 53%] [32mBuilding CXX object CMakeFiles/tm_driver.dir/src/tm_driver.cpp.o[0m
[1.594s] In file included from [01m[K/home/rslomron/tm_custom/src/tm_driver/src/tm_ros2_svr.cpp:1[m[K:
[1.594s] [01m[K/home/rslomron/tm_custom/src/tm_driver/include/tm_driver/tm_ros2_svr.h:6:10:[m[K [01;31m[Kfatal error: [m[Ktm_msgs/msg/feedback_state.hpp: No such file or directory
[1.594s]     6 | #include [01;31m[K"tm_msgs/msg/feedback_state.hpp"[m[K
[1.594s]       |          [01;31m[K^~~~~~~~~~~~~~~~~~~~~~~~~~~~~~~~[m[K
[1.595s] In file included from [01m[K/home/rslomron/tm_custom/src/tm_driver/src/tm_ros2_sct.cpp:1[m[K:
[1.595s] [01m[K/home/rslomron/tm_custom/src/tm_driver/include/tm_driver/tm_ros2_sct.h:7:10:[m[K [01;31m[Kfatal error: [m[Ktm_msgs/msg/sct_response.hpp: No such file or directory
[1.595s]     7 | #include [01;31m[K"tm_msgs/msg/sct_response.hpp"[m[K
[1.595s]       |          [01;31m[K^~~~~~~~~~~~~~~~~~~~~~~~~~~~~~[m[K
[1.595s] compilation terminated.
[1.595s] compilation terminated.
[1.598s] gmake[2]: *** [CMakeFiles/tm_driver.dir/build.make:104: CMakeFiles/tm_driver.dir/src/tm_ros2_svr.cpp.o] Error 1
[1.598s] gmake[2]: *** Waiting for unfinished jobs....
[1.598s] gmake[2]: *** [CMakeFiles/tm_driver.dir/build.make:90: CMakeFiles/tm_driver.dir/src/tm_ros2_sct.cpp.o] Error 1
[1.601s] In file included from [01m[K/home/rslomron/tm_custom/src/tm_driver/src/tm_ros2_composition.cpp:1[m[K:
[1.601s] [01m[K/home/rslomron/tm_custom/src/tm_driver/include/tm_driver/tm_ros2_svr.h:6:10:[m[K [01;31m[Kfatal error: [m[Ktm_msgs/msg/feedback_state.hpp: No such file or directory
[1.602s]     6 | #include [01;31m[K"tm_msgs/msg/feedback_state.hpp"[m[K
[1.602s]       |          [01;31m[K^~~~~~~~~~~~~~~~~~~~~~~~~~~~~~~~[m[K
[1.602s] compilation terminated.
[1.604s] gmake[2]: *** [CMakeFiles/tm_driver.dir/build.make:76: CMakeFiles/tm_driver.dir/src/tm_ros2_composition.cpp.o] Error 1
[4.687s] gmake[1]: *** [CMakeFiles/Makefile2:137: CMakeFiles/tm_driver.dir/all] Error 2
[4.687s] gmake: *** [Makefile:146: all] Error 2
[4.690s] Invoked command in '/home/rslomron/tm_custom/build/tm_driver' returned '2': CMAKE_PREFIX_PATH=${CMAKE_PREFIX_PATH}:/home/rslomron/tm_custom/install/tm_mod_urdf:/home/rslomron/tm_custom/install/tm_get_status:/opt/ros/humble /usr/bin/cmake --build /home/rslomron/tm_custom/build/tm_driver -- -j8 -l8
