[0.018s] Invoking command in '/home/rslomron/tm_custom/build/demo': AMENT_PREFIX_PATH=/home/rslomron/tm_custom/install/tm_msgs:${AMENT_PREFIX_PATH} CMAKE_PREFIX_PATH=/home/rslomron/tm_custom/install/tm_msgs:/opt/ros/humble LD_LIBRARY_PATH=/home/rslomron/tm_custom/install/tm_msgs/lib:${LD_LIBRARY_PATH} PYTHONPATH=/home/rslomron/tm_custom/install/tm_msgs/local/lib/python3.10/dist-packages:${PYTHONPATH} /usr/bin/cmake --build /home/rslomron/tm_custom/build/demo -- -j8 -l8
[0.079s] [35m[1mConsolidate compiler generated dependencies of target demo_connect_tm[0m
[0.083s] [35m[1mConsolidate compiler generated dependencies of target demo_send_script[0m
[0.086s] [35m[1mConsolidate compiler generated dependencies of target demo_ask_sta[0m
[0.101s] [35m[1mConsolidate compiler generated dependencies of target demo_ask_item[0m
[0.103s] [35m[1mConsolidate compiler generated dependencies of target demo_set_io[0m
[0.104s] [35m[1mConsolidate compiler generated dependencies of target demo_set_positions[0m
[0.104s] [35m[1mConsolidate compiler generated dependencies of target demo_write_item[0m
[0.116s] [35m[1mConsolidate compiler generated dependencies of target demo_set_event[0m
[0.135s] [  3%] [32mBuilding CXX object CMakeFiles/demo_connect_tm.dir/src/demo_connect_tm.cpp.o[0m
[0.139s] [  7%] [32mBuilding CXX object CMakeFiles/demo_send_script.dir/src/demo_send_script.cpp.o[0m
[0.152s] [ 10%] [32mBuilding CXX object CMakeFiles/demo_set_io.dir/src/demo_set_io.cpp.o[0m
[0.168s] [ 14%] [32mBuilding CXX object CMakeFiles/demo_set_event.dir/src/demo_set_event.cpp.o[0m
[0.175s] [ 17%] [32mBuilding CXX object CMakeFiles/demo_ask_sta.dir/src/demo_ask_sta.cpp.o[0m
[0.178s] [ 21%] [32mBuilding CXX object CMakeFiles/demo_set_positions.dir/src/demo_set_positions.cpp.o[0m
[0.185s] [ 25%] [32mBuilding CXX object CMakeFiles/demo_ask_item.dir/src/demo_ask_item.cpp.o[0m
[0.201s] [ 28%] [32mBuilding CXX object CMakeFiles/demo_write_item.dir/src/demo_write_item.cpp.o[0m
[4.615s] [01m[K/home/rslomron/tm_custom/src/demo/src/demo_connect_tm.cpp:[m[K In function â€˜[01m[Kint main(int, char**)[m[Kâ€™:
[4.615s] [01m[K/home/rslomron/tm_custom/src/demo/src/demo_connect_tm.cpp:36:13:[m[K [01;31m[Kerror: [m[Kâ€˜[01m[Krclcpp::executor[m[Kâ€™ has not been declared
[4.615s]    36 |     rclcpp::[01;31m[Kexecutor[m[K::FutureReturnCode::SUCCESS)
[4.615s]       |             [01;31m[K^~~~~~~~[m[K
[4.743s] [01m[K/home/rslomron/tm_custom/src/demo/src/demo_set_io.cpp:[m[K In function â€˜[01m[Kint main(int, char**)[m[Kâ€™:
[4.743s] [01m[K/home/rslomron/tm_custom/src/demo/src/demo_set_io.cpp:36:13:[m[K [01;31m[Kerror: [m[Kâ€˜[01m[Krclcpp::executor[m[Kâ€™ has not been declared
[4.743s]    36 |     rclcpp::[01;31m[Kexecutor[m[K::FutureReturnCode::SUCCESS)
[4.743s]       |             [01;31m[K^~~~~~~~[m[K
[4.838s] [01m[K/home/rslomron/tm_custom/src/demo/src/demo_set_positions.cpp:[m[K In function â€˜[01m[Kint main(int, char**)[m[Kâ€™:
[4.838s] [01m[K/home/rslomron/tm_custom/src/demo/src/demo_set_positions.cpp:43:13:[m[K [01;31m[Kerror: [m[Kâ€˜[01m[Krclcpp::executor[m[Kâ€™ has not been declared
[4.838s]    43 |     rclcpp::[01;31m[Kexecutor[m[K::FutureReturnCode::SUCCESS)
[4.838s]       |             [01;31m[K^~~~~~~~[m[K
[4.875s] [01m[K/home/rslomron/tm_custom/src/demo/src/demo_set_event.cpp:[m[K In function â€˜[01m[Kint main(int, char**)[m[Kâ€™:
[4.875s] [01m[K/home/rslomron/tm_custom/src/demo/src/demo_set_event.cpp:35:13:[m[K [01;31m[Kerror: [m[Kâ€˜[01m[Krclcpp::executor[m[Kâ€™ has not been declared
[4.875s]    35 |     rclcpp::[01;31m[Kexecutor[m[K::FutureReturnCode::SUCCESS)
[4.875s]       |             [01;31m[K^~~~~~~~[m[K
[5.088s] [01m[K/home/rslomron/tm_custom/src/demo/src/demo_write_item.cpp:[m[K In function â€˜[01m[Kint main(int, char**)[m[Kâ€™:
[5.089s] [01m[K/home/rslomron/tm_custom/src/demo/src/demo_write_item.cpp:35:13:[m[K [01;31m[Kerror: [m[Kâ€˜[01m[Krclcpp::executor[m[Kâ€™ has not been declared
[5.089s]    35 |     rclcpp::[01;31m[Kexecutor[m[K::FutureReturnCode::SUCCESS)
[5.089s]       |             [01;31m[K^~~~~~~~[m[K
[5.576s] [01m[K/home/rslomron/tm_custom/src/demo/src/demo_ask_item.cpp:[m[K In function â€˜[01m[Kint main(int, char**)[m[Kâ€™:
[5.576s] [01m[K/home/rslomron/tm_custom/src/demo/src/demo_ask_item.cpp:35:13:[m[K [01;31m[Kerror: [m[Kâ€˜[01m[Krclcpp::executor[m[Kâ€™ has not been declared
[5.576s]    35 |     rclcpp::[01;31m[Kexecutor[m[K::FutureReturnCode::SUCCESS)
[5.577s]       |             [01;31m[K^~~~~~~~[m[K
[5.610s] [01m[K/home/rslomron/tm_custom/src/demo/src/demo_send_script.cpp:[m[K In function â€˜[01m[Kbool send_cmd(std::string, std::shared_ptr<rclcpp::Node>, rclcpp::Client<tm_msgs::srv::SendScript>::SharedPtr)[m[Kâ€™:
[5.611s] [01m[K/home/rslomron/tm_custom/src/demo/src/demo_send_script.cpp:26:13:[m[K [01;31m[Kerror: [m[Kâ€˜[01m[Krclcpp::executor[m[Kâ€™ has not been declared
[5.611s]    26 |     rclcpp::[01;31m[Kexecutor[m[K::FutureReturnCode::SUCCESS)
[5.611s]       |             [01;31m[K^~~~~~~~[m[K
[5.637s] gmake[2]: *** [CMakeFiles/demo_connect_tm.dir/build.make:76: CMakeFiles/demo_connect_tm.dir/src/demo_connect_tm.cpp.o] Error 1
[5.638s] gmake[1]: *** [CMakeFiles/Makefile2:215: CMakeFiles/demo_connect_tm.dir/all] Error 2
[5.638s] gmake[1]: *** Waiting for unfinished jobs....
[5.663s] [01m[K/home/rslomron/tm_custom/src/demo/src/demo_ask_sta.cpp:[m[K In function â€˜[01m[Kint main(int, char**)[m[Kâ€™:
[5.663s] [01m[K/home/rslomron/tm_custom/src/demo/src/demo_ask_sta.cpp:36:13:[m[K [01;31m[Kerror: [m[Kâ€˜[01m[Krclcpp::executor[m[Kâ€™ has not been declared
[5.663s]    36 |     rclcpp::[01;31m[Kexecutor[m[K::FutureReturnCode::SUCCESS)
[5.663s]       |             [01;31m[K^~~~~~~~[m[K
[5.857s] gmake[2]: *** [CMakeFiles/demo_set_io.dir/build.make:76: CMakeFiles/demo_set_io.dir/src/demo_set_io.cpp.o] Error 1
[5.857s] gmake[1]: *** [CMakeFiles/Makefile2:267: CMakeFiles/demo_set_io.dir/all] Error 2
[5.935s] gmake[2]: *** [CMakeFiles/demo_set_event.dir/build.make:76: CMakeFiles/demo_set_event.dir/src/demo_set_event.cpp.o] Error 1
[5.935s] gmake[1]: *** [CMakeFiles/Makefile2:241: CMakeFiles/demo_set_event.dir/all] Error 2
[6.026s] gmake[2]: *** [CMakeFiles/demo_set_positions.dir/build.make:76: CMakeFiles/demo_set_positions.dir/src/demo_set_positions.cpp.o] Error 1
[6.026s] gmake[1]: *** [CMakeFiles/Makefile2:293: CMakeFiles/demo_set_positions.dir/all] Error 2
[6.128s] gmake[2]: *** [CMakeFiles/demo_write_item.dir/build.make:76: CMakeFiles/demo_write_item.dir/src/demo_write_item.cpp.o] Error 1
[6.128s] gmake[1]: *** [CMakeFiles/Makefile2:319: CMakeFiles/demo_write_item.dir/all] Error 2
[6.366s] gmake[2]: *** [CMakeFiles/demo_ask_item.dir/build.make:76: CMakeFiles/demo_ask_item.dir/src/demo_ask_item.cpp.o] Error 1
[6.366s] gmake[1]: *** [CMakeFiles/Makefile2:345: CMakeFiles/demo_ask_item.dir/all] Error 2
[6.380s] gmake[2]: *** [CMakeFiles/demo_send_script.dir/build.make:76: CMakeFiles/demo_send_script.dir/src/demo_send_script.cpp.o] Error 1
[6.380s] gmake[1]: *** [CMakeFiles/Makefile2:163: CMakeFiles/demo_send_script.dir/all] Error 2
[6.453s] gmake[2]: *** [CMakeFiles/demo_ask_sta.dir/build.make:76: CMakeFiles/demo_ask_sta.dir/src/demo_ask_sta.cpp.o] Error 1
[6.453s] gmake[1]: *** [CMakeFiles/Makefile2:189: CMakeFiles/demo_ask_sta.dir/all] Error 2
[6.453s] gmake: *** [Makefile:146: all] Error 2
