[0.032s] Invoking command in '/home/rslomron/tm_custom/build/demo': CMAKE_PREFIX_PATH=${CMAKE_PREFIX_PATH}:/home/rslomron/tm_custom/install/tm_mod_urdf:/home/rslomron/tm_custom/install/tm_get_status:/opt/ros/humble /usr/bin/cmake --build /home/rslomron/tm_custom/build/demo -- -j8 -l8
[0.094s] [35m[1mConsolidate compiler generated dependencies of target demo_send_script[0m
[0.109s] [35m[1mConsolidate compiler generated dependencies of target demo_set_io[0m
[0.109s] [35m[1mConsolidate compiler generated dependencies of target demo_set_event[0m
[0.109s] [35m[1mConsolidate compiler generated dependencies of target demo_connect_tm[0m
[0.118s] [35m[1mConsolidate compiler generated dependencies of target demo_ask_sta[0m
[0.118s] [35m[1mConsolidate compiler generated dependencies of target demo_set_positions[0m
[0.123s] [35m[1mConsolidate compiler generated dependencies of target demo_write_item[0m
[0.131s] [35m[1mConsolidate compiler generated dependencies of target demo_ask_item[0m
[0.135s] [  3%] [32mBuilding CXX object CMakeFiles/demo_send_script.dir/src/demo_send_script.cpp.o[0m
[0.138s] [  7%] [32mBuilding CXX object CMakeFiles/demo_set_event.dir/src/demo_set_event.cpp.o[0m
[0.149s] [ 10%] [32mBuilding CXX object CMakeFiles/demo_set_io.dir/src/demo_set_io.cpp.o[0m
[0.149s] [ 14%] [32mBuilding CXX object CMakeFiles/demo_connect_tm.dir/src/demo_connect_tm.cpp.o[0m
[0.165s] [ 21%] [32mBuilding CXX object CMakeFiles/demo_ask_sta.dir/src/demo_ask_sta.cpp.o[0m
[0.165s] [ 21%] [32mBuilding CXX object CMakeFiles/demo_ask_item.dir/src/demo_ask_item.cpp.o[0m
[0.183s] [ 25%] [32mBuilding CXX object CMakeFiles/demo_set_positions.dir/src/demo_set_positions.cpp.o[0m
[0.191s] [ 28%] [32mBuilding CXX object CMakeFiles/demo_write_item.dir/src/demo_write_item.cpp.o[0m
[5.921s] [01m[K/home/rslomron/tm_custom/src/demo/src/demo_set_io.cpp:[m[K In function â€˜[01m[Kint main(int, char**)[m[Kâ€™:
[5.921s] [01m[K/home/rslomron/tm_custom/src/demo/src/demo_set_io.cpp:36:13:[m[K [01;31m[Kerror: [m[Kâ€˜[01m[Krclcpp::executor[m[Kâ€™ has not been declared
[5.921s]    36 |     rclcpp::[01;31m[Kexecutor[m[K::FutureReturnCode::SUCCESS)
[5.922s]       |             [01;31m[K^~~~~~~~[m[K
[6.051s] [01m[K/home/rslomron/tm_custom/src/demo/src/demo_ask_sta.cpp:[m[K In function â€˜[01m[Kint main(int, char**)[m[Kâ€™:
[6.051s] [01m[K/home/rslomron/tm_custom/src/demo/src/demo_ask_sta.cpp:36:13:[m[K [01;31m[Kerror: [m[Kâ€˜[01m[Krclcpp::executor[m[Kâ€™ has not been declared
[6.051s]    36 |     rclcpp::[01;31m[Kexecutor[m[K::FutureReturnCode::SUCCESS)
[6.051s]       |             [01;31m[K^~~~~~~~[m[K
[6.062s] [01m[K/home/rslomron/tm_custom/src/demo/src/demo_set_event.cpp:[m[K In function â€˜[01m[Kint main(int, char**)[m[Kâ€™:
[6.063s] [01m[K/home/rslomron/tm_custom/src/demo/src/demo_set_event.cpp:35:13:[m[K [01;31m[Kerror: [m[Kâ€˜[01m[Krclcpp::executor[m[Kâ€™ has not been declared
[6.063s]    35 |     rclcpp::[01;31m[Kexecutor[m[K::FutureReturnCode::SUCCESS)
[6.063s]       |             [01;31m[K^~~~~~~~[m[K
[6.189s] [01m[K/home/rslomron/tm_custom/src/demo/src/demo_write_item.cpp:[m[K In function â€˜[01m[Kint main(int, char**)[m[Kâ€™:
[6.189s] [01m[K/home/rslomron/tm_custom/src/demo/src/demo_write_item.cpp:35:13:[m[K [01;31m[Kerror: [m[Kâ€˜[01m[Krclcpp::executor[m[Kâ€™ has not been declared
[6.189s]    35 |     rclcpp::[01;31m[Kexecutor[m[K::FutureReturnCode::SUCCESS)
[6.189s]       |             [01;31m[K^~~~~~~~[m[K
[6.910s] [01m[K/home/rslomron/tm_custom/src/demo/src/demo_ask_item.cpp:[m[K In function â€˜[01m[Kint main(int, char**)[m[Kâ€™:
[6.910s] [01m[K/home/rslomron/tm_custom/src/demo/src/demo_ask_item.cpp:35:13:[m[K [01;31m[Kerror: [m[Kâ€˜[01m[Krclcpp::executor[m[Kâ€™ has not been declared
[6.910s]    35 |     rclcpp::[01;31m[Kexecutor[m[K::FutureReturnCode::SUCCESS)
[6.910s]       |             [01;31m[K^~~~~~~~[m[K
[6.984s] [01m[K/home/rslomron/tm_custom/src/demo/src/demo_set_positions.cpp:[m[K In function â€˜[01m[Kint main(int, char**)[m[Kâ€™:
[6.984s] [01m[K/home/rslomron/tm_custom/src/demo/src/demo_set_positions.cpp:43:13:[m[K [01;31m[Kerror: [m[Kâ€˜[01m[Krclcpp::executor[m[Kâ€™ has not been declared
[6.984s]    43 |     rclcpp::[01;31m[Kexecutor[m[K::FutureReturnCode::SUCCESS)
[6.985s]       |             [01;31m[K^~~~~~~~[m[K
[7.009s] [01m[K/home/rslomron/tm_custom/src/demo/src/demo_send_script.cpp:[m[K In function â€˜[01m[Kbool send_cmd(std::string, std::shared_ptr<rclcpp::Node>, rclcpp::Client<tm_msgs::srv::SendScript>::SharedPtr)[m[Kâ€™:
[7.009s] [01m[K/home/rslomron/tm_custom/src/demo/src/demo_send_script.cpp:26:13:[m[K [01;31m[Kerror: [m[Kâ€˜[01m[Krclcpp::executor[m[Kâ€™ has not been declared
[7.009s]    26 |     rclcpp::[01;31m[Kexecutor[m[K::FutureReturnCode::SUCCESS)
[7.009s]       |             [01;31m[K^~~~~~~~[m[K
[7.211s] [01m[K/home/rslomron/tm_custom/src/demo/src/demo_connect_tm.cpp:[m[K In function â€˜[01m[Kint main(int, char**)[m[Kâ€™:
[7.211s] [01m[K/home/rslomron/tm_custom/src/demo/src/demo_connect_tm.cpp:36:13:[m[K [01;31m[Kerror: [m[Kâ€˜[01m[Krclcpp::executor[m[Kâ€™ has not been declared
[7.211s]    36 |     rclcpp::[01;31m[Kexecutor[m[K::FutureReturnCode::SUCCESS)
[7.211s]       |             [01;31m[K^~~~~~~~[m[K
[7.469s] gmake[2]: *** [CMakeFiles/demo_set_event.dir/build.make:76: CMakeFiles/demo_set_event.dir/src/demo_set_event.cpp.o] Error 1
[7.469s] gmake[1]: *** [CMakeFiles/Makefile2:241: CMakeFiles/demo_set_event.dir/all] Error 2
[7.469s] gmake[1]: *** Waiting for unfinished jobs....
[7.953s] gmake[2]: *** [CMakeFiles/demo_set_io.dir/build.make:76: CMakeFiles/demo_set_io.dir/src/demo_set_io.cpp.o] Error 1
[7.953s] gmake[1]: *** [CMakeFiles/Makefile2:267: CMakeFiles/demo_set_io.dir/all] Error 2
[8.357s] gmake[2]: *** [CMakeFiles/demo_ask_sta.dir/build.make:76: CMakeFiles/demo_ask_sta.dir/src/demo_ask_sta.cpp.o] Error 1
[8.359s] gmake[1]: *** [CMakeFiles/Makefile2:189: CMakeFiles/demo_ask_sta.dir/all] Error 2
[8.395s] gmake[2]: *** [CMakeFiles/demo_write_item.dir/build.make:76: CMakeFiles/demo_write_item.dir/src/demo_write_item.cpp.o] Error 1
[8.396s] gmake[1]: *** [CMakeFiles/Makefile2:319: CMakeFiles/demo_write_item.dir/all] Error 2
[8.525s] gmake[2]: *** [CMakeFiles/demo_send_script.dir/build.make:76: CMakeFiles/demo_send_script.dir/src/demo_send_script.cpp.o] Error 1
[8.525s] gmake[1]: *** [CMakeFiles/Makefile2:163: CMakeFiles/demo_send_script.dir/all] Error 2
[8.527s] gmake[2]: *** [CMakeFiles/demo_ask_item.dir/build.make:76: CMakeFiles/demo_ask_item.dir/src/demo_ask_item.cpp.o] Error 1
[8.527s] gmake[1]: *** [CMakeFiles/Makefile2:345: CMakeFiles/demo_ask_item.dir/all] Error 2
[8.790s] gmake[2]: *** [CMakeFiles/demo_set_positions.dir/build.make:76: CMakeFiles/demo_set_positions.dir/src/demo_set_positions.cpp.o] Error 1
[8.790s] gmake[1]: *** [CMakeFiles/Makefile2:293: CMakeFiles/demo_set_positions.dir/all] Error 2
[8.859s] gmake[2]: *** [CMakeFiles/demo_connect_tm.dir/build.make:76: CMakeFiles/demo_connect_tm.dir/src/demo_connect_tm.cpp.o] Error 1
[8.859s] gmake[1]: *** [CMakeFiles/Makefile2:215: CMakeFiles/demo_connect_tm.dir/all] Error 2
[8.860s] gmake: *** [Makefile:146: all] Error 2
