[ 14%] [34m[1mAutomatic MOC and UIC for target robot_ui[0m
[ 14%] Built target robot_ui_autogen
[100%] Built target robot_ui
-- Install configuration: ""
-- Up-to-date: /home/rslomron/tm_custom/install/ui_for_debug_and_demo/lib/ui_for_debug_and_demo/robot_ui
-- Up-to-date: /home/rslomron/tm_custom/install/ui_for_debug_and_demo/share/ui_for_debug_and_demo/launch
-- Up-to-date: /home/rslomron/tm_custom/install/ui_for_debug_and_demo/share/ui_for_debug_and_demo/launch/tm_gui.launch.py
-- Up-to-date: /home/rslomron/tm_custom/install/ui_for_debug_and_demo/share/ament_index/resource_index/package_run_dependencies/ui_for_debug_and_demo
-- Up-to-date: /home/rslomron/tm_custom/install/ui_for_debug_and_demo/share/ament_index/resource_index/parent_prefix_path/ui_for_debug_and_demo
-- Up-to-date: /home/rslomron/tm_custom/install/ui_for_debug_and_demo/share/ui_for_debug_and_demo/environment/ament_prefix_path.sh
-- Up-to-date: /home/rslomron/tm_custom/install/ui_for_debug_and_demo/share/ui_for_debug_and_demo/environment/ament_prefix_path.dsv
-- Up-to-date: /home/rslomron/tm_custom/install/ui_for_debug_and_demo/share/ui_for_debug_and_demo/environment/path.sh
-- Up-to-date: /home/rslomron/tm_custom/install/ui_for_debug_and_demo/share/ui_for_debug_and_demo/environment/path.dsv
-- Up-to-date: /home/rslomron/tm_custom/install/ui_for_debug_and_demo/share/ui_for_debug_and_demo/local_setup.bash
-- Up-to-date: /home/rslomron/tm_custom/install/ui_for_debug_and_demo/share/ui_for_debug_and_demo/local_setup.sh
-- Up-to-date: /home/rslomron/tm_custom/install/ui_for_debug_and_demo/share/ui_for_debug_and_demo/local_setup.zsh
-- Up-to-date: /home/rslomron/tm_custom/install/ui_for_debug_and_demo/share/ui_for_debug_and_demo/local_setup.dsv
-- Installing: /home/rslomron/tm_custom/install/ui_for_debug_and_demo/share/ui_for_debug_and_demo/package.dsv
-- Up-to-date: /home/rslomron/tm_custom/install/ui_for_debug_and_demo/share/ament_index/resource_index/packages/ui_for_debug_and_demo
-- Up-to-date: /home/rslomron/tm_custom/install/ui_for_debug_and_demo/share/ui_for_debug_and_demo/cmake/ui_for_debug_and_demoConfig.cmake
-- Up-to-date: /home/rslomron/tm_custom/install/ui_for_debug_and_demo/share/ui_for_debug_and_demo/cmake/ui_for_debug_and_demoConfig-version.cmake
-- Up-to-date: /home/rslomron/tm_custom/install/ui_for_debug_and_demo/share/ui_for_debug_and_demo/package.xml
Traceback (most recent call last):
  File "/usr/lib/python3/dist-packages/colcon_parallel_executor/executor/parallel.py", line 75, in execute
    loop.run_until_complete(future)
  File "/usr/lib/python3.10/asyncio/base_events.py", line 636, in run_until_complete
    self.run_forever()
  File "/usr/lib/python3.10/asyncio/base_events.py", line 603, in run_forever
    self._run_once()
  File "/usr/lib/python3.10/asyncio/base_events.py", line 1871, in _run_once
    event_list = self._selector.select(timeout)
  File "/usr/lib/python3.10/selectors.py", line 469, in select
    fd_event_list = self._selector.poll(timeout, max_ev)
KeyboardInterrupt

During handling of the above exception, another exception occurred:

Traceback (most recent call last):
  File "/usr/lib/python3/dist-packages/colcon_core/executor/__init__.py", line 91, in __call__
    rc = await self.task(*args, **kwargs)
  File "/usr/lib/python3/dist-packages/colcon_core/task/__init__.py", line 93, in __call__
    return await task_method(*args, **kwargs)
  File "/usr/lib/python3/dist-packages/colcon_ros/task/ament_cmake/build.py", line 65, in build
    has_install_target = await has_target(args.build_base, 'install')
  File "/usr/lib/python3/dist-packages/colcon_cmake/task/cmake/__init__.py", line 57, in has_target
    return target in await get_makefile_targets(path)
  File "/usr/lib/python3/dist-packages/colcon_cmake/task/cmake/__init__.py", line 77, in get_makefile_targets
    output = await check_output([
  File "/usr/lib/python3/dist-packages/colcon_core/subprocess.py", line 129, in check_output
    assert not rc, f'Expected {args} to pass: {stderr_data}'
AssertionError: Expected ['/usr/bin/cmake', '--build', '/home/rslomron/tm_custom/build/ui_for_debug_and_demo', '--target', 'help'] to pass: gmake: *** [Makefile:335: help] Interrupt

