[0.015s] Invoking command in '/home/rslomron/tm_custom/build/demo': AMENT_PREFIX_PATH=/home/rslomron/tm_custom/install/tm_msgs:${AMENT_PREFIX_PATH} CMAKE_PREFIX_PATH=/home/rslomron/tm_custom/install/tm_msgs:/opt/ros/humble LD_LIBRARY_PATH=/home/rslomron/tm_custom/install/tm_msgs/lib:${LD_LIBRARY_PATH} PYTHONPATH=/home/rslomron/tm_custom/install/tm_msgs/local/lib/python3.10/dist-packages:${PYTHONPATH} /usr/bin/cmake --build /home/rslomron/tm_custom/build/demo -- -j8 -l8
[0.074s] [35m[1mConsolidate compiler generated dependencies of target demo_send_script[0m
[0.078s] [35m[1mConsolidate compiler generated dependencies of target demo_set_io[0m
[0.081s] [35m[1mConsolidate compiler generated dependencies of target demo_set_event[0m
[0.086s] [35m[1mConsolidate compiler generated dependencies of target demo_connect_tm[0m
[0.087s] [35m[1mConsolidate compiler generated dependencies of target demo_ask_sta[0m
[0.094s] [35m[1mConsolidate compiler generated dependencies of target demo_ask_item[0m
[0.102s] [35m[1mConsolidate compiler generated dependencies of target demo_write_item[0m
[0.109s] [35m[1mConsolidate compiler generated dependencies of target demo_set_positions[0m
[0.122s] [  3%] [32mBuilding CXX object CMakeFiles/demo_set_event.dir/src/demo_set_event.cpp.o[0m
[0.127s] [  7%] [32mBuilding CXX object CMakeFiles/demo_connect_tm.dir/src/demo_connect_tm.cpp.o[0m
[0.134s] [ 10%] [32mBuilding CXX object CMakeFiles/demo_send_script.dir/src/demo_send_script.cpp.o[0m
[0.145s] [ 14%] [32mBuilding CXX object CMakeFiles/demo_set_io.dir/src/demo_set_io.cpp.o[0m
[0.159s] [ 17%] [32mBuilding CXX object CMakeFiles/demo_ask_item.dir/src/demo_ask_item.cpp.o[0m
[0.166s] [ 21%] [32mBuilding CXX object CMakeFiles/demo_ask_sta.dir/src/demo_ask_sta.cpp.o[0m
[0.169s] [ 25%] [32mBuilding CXX object CMakeFiles/demo_set_positions.dir/src/demo_set_positions.cpp.o[0m
[0.178s] [ 28%] [32mBuilding CXX object CMakeFiles/demo_write_item.dir/src/demo_write_item.cpp.o[0m
[5.000s] [01m[K/home/rslomron/tm_custom/src/demo/src/demo_set_event.cpp:[m[K In function â€˜[01m[Kint main(int, char**)[m[Kâ€™:
[5.000s] [01m[K/home/rslomron/tm_custom/src/demo/src/demo_set_event.cpp:35:13:[m[K [01;31m[Kerror: [m[Kâ€˜[01m[Krclcpp::executor[m[Kâ€™ has not been declared
[5.000s]    35 |     rclcpp::[01;31m[Kexecutor[m[K::FutureReturnCode::SUCCESS)
[5.001s]       |             [01;31m[K^~~~~~~~[m[K
[5.021s] [01m[K/home/rslomron/tm_custom/src/demo/src/demo_set_positions.cpp:[m[K In function â€˜[01m[Kint main(int, char**)[m[Kâ€™:
[5.021s] [01m[K/home/rslomron/tm_custom/src/demo/src/demo_set_positions.cpp:43:13:[m[K [01;31m[Kerror: [m[Kâ€˜[01m[Krclcpp::executor[m[Kâ€™ has not been declared
[5.021s]    43 |     rclcpp::[01;31m[Kexecutor[m[K::FutureReturnCode::SUCCESS)
[5.021s]       |             [01;31m[K^~~~~~~~[m[K
[6.131s] [01m[K/home/rslomron/tm_custom/src/demo/src/demo_ask_sta.cpp:[m[K In function â€˜[01m[Kint main(int, char**)[m[Kâ€™:
[6.131s] [01m[K/home/rslomron/tm_custom/src/demo/src/demo_ask_sta.cpp:36:13:[m[K [01;31m[Kerror: [m[Kâ€˜[01m[Krclcpp::executor[m[Kâ€™ has not been declared
[6.132s]    36 |     rclcpp::[01;31m[Kexecutor[m[K::FutureReturnCode::SUCCESS)
[6.132s]       |             [01;31m[K^~~~~~~~[m[K
[6.239s] gmake[2]: *** [CMakeFiles/demo_set_positions.dir/build.make:76: CMakeFiles/demo_set_positions.dir/src/demo_set_positions.cpp.o] Error 1
[6.239s] gmake[1]: *** [CMakeFiles/Makefile2:293: CMakeFiles/demo_set_positions.dir/all] Error 2
[6.239s] gmake[1]: *** Waiting for unfinished jobs....
[6.311s] [01m[K/home/rslomron/tm_custom/src/demo/src/demo_send_script.cpp:[m[K In function â€˜[01m[Kbool send_cmd(std::string, std::shared_ptr<rclcpp::Node>, rclcpp::Client<tm_msgs::srv::SendScript>::SharedPtr)[m[Kâ€™:
[6.311s] [01m[K/home/rslomron/tm_custom/src/demo/src/demo_send_script.cpp:26:13:[m[K [01;31m[Kerror: [m[Kâ€˜[01m[Krclcpp::executor[m[Kâ€™ has not been declared
[6.311s]    26 |     rclcpp::[01;31m[Kexecutor[m[K::FutureReturnCode::SUCCESS)
[6.311s]       |             [01;31m[K^~~~~~~~[m[K
[6.333s] gmake[2]: *** [CMakeFiles/demo_set_event.dir/build.make:76: CMakeFiles/demo_set_event.dir/src/demo_set_event.cpp.o] Error 1
[6.333s] gmake[1]: *** [CMakeFiles/Makefile2:241: CMakeFiles/demo_set_event.dir/all] Error 2
[7.110s] [01m[K/home/rslomron/tm_custom/src/demo/src/demo_connect_tm.cpp:[m[K In function â€˜[01m[Kint main(int, char**)[m[Kâ€™:
[7.110s] [01m[K/home/rslomron/tm_custom/src/demo/src/demo_connect_tm.cpp:36:13:[m[K [01;31m[Kerror: [m[Kâ€˜[01m[Krclcpp::executor[m[Kâ€™ has not been declared
[7.110s]    36 |     rclcpp::[01;31m[Kexecutor[m[K::FutureReturnCode::SUCCESS)
[7.110s]       |             [01;31m[K^~~~~~~~[m[K
[7.295s] [01m[K/home/rslomron/tm_custom/src/demo/src/demo_write_item.cpp:[m[K In function â€˜[01m[Kint main(int, char**)[m[Kâ€™:
[7.295s] [01m[K/home/rslomron/tm_custom/src/demo/src/demo_write_item.cpp:35:13:[m[K [01;31m[Kerror: [m[Kâ€˜[01m[Krclcpp::executor[m[Kâ€™ has not been declared
[7.295s]    35 |     rclcpp::[01;31m[Kexecutor[m[K::FutureReturnCode::SUCCESS)
[7.295s]       |             [01;31m[K^~~~~~~~[m[K
[7.435s] gmake[2]: *** [CMakeFiles/demo_send_script.dir/build.make:76: CMakeFiles/demo_send_script.dir/src/demo_send_script.cpp.o] Error 1
[7.435s] gmake[1]: *** [CMakeFiles/Makefile2:163: CMakeFiles/demo_send_script.dir/all] Error 2
[7.508s] [01m[K/home/rslomron/tm_custom/src/demo/src/demo_ask_item.cpp:[m[K In function â€˜[01m[Kint main(int, char**)[m[Kâ€™:
[7.508s] [01m[K/home/rslomron/tm_custom/src/demo/src/demo_ask_item.cpp:35:13:[m[K [01;31m[Kerror: [m[Kâ€˜[01m[Krclcpp::executor[m[Kâ€™ has not been declared
[7.508s]    35 |     rclcpp::[01;31m[Kexecutor[m[K::FutureReturnCode::SUCCESS)
[7.508s]       |             [01;31m[K^~~~~~~~[m[K
[7.700s] [01m[K/home/rslomron/tm_custom/src/demo/src/demo_set_io.cpp:[m[K In function â€˜[01m[Kint main(int, char**)[m[Kâ€™:
[7.700s] [01m[K/home/rslomron/tm_custom/src/demo/src/demo_set_io.cpp:36:13:[m[K [01;31m[Kerror: [m[Kâ€˜[01m[Krclcpp::executor[m[Kâ€™ has not been declared
[7.701s]    36 |     rclcpp::[01;31m[Kexecutor[m[K::FutureReturnCode::SUCCESS)
[7.701s]       |             [01;31m[K^~~~~~~~[m[K
[7.747s] gmake[2]: *** [CMakeFiles/demo_ask_sta.dir/build.make:76: CMakeFiles/demo_ask_sta.dir/src/demo_ask_sta.cpp.o] Error 1
[7.747s] gmake[1]: *** [CMakeFiles/Makefile2:189: CMakeFiles/demo_ask_sta.dir/all] Error 2
[8.485s] gmake[2]: *** [CMakeFiles/demo_write_item.dir/build.make:76: CMakeFiles/demo_write_item.dir/src/demo_write_item.cpp.o] Error 1
[8.485s] gmake[1]: *** [CMakeFiles/Makefile2:319: CMakeFiles/demo_write_item.dir/all] Error 2
[8.578s] gmake[2]: *** [CMakeFiles/demo_connect_tm.dir/build.make:76: CMakeFiles/demo_connect_tm.dir/src/demo_connect_tm.cpp.o] Error 1
[8.578s] gmake[1]: *** [CMakeFiles/Makefile2:215: CMakeFiles/demo_connect_tm.dir/all] Error 2
[8.862s] gmake[2]: *** [CMakeFiles/demo_ask_item.dir/build.make:76: CMakeFiles/demo_ask_item.dir/src/demo_ask_item.cpp.o] Error 1
[8.862s] gmake[1]: *** [CMakeFiles/Makefile2:345: CMakeFiles/demo_ask_item.dir/all] Error 2
[8.955s] gmake[2]: *** [CMakeFiles/demo_set_io.dir/build.make:76: CMakeFiles/demo_set_io.dir/src/demo_set_io.cpp.o] Error 1
[8.955s] gmake[1]: *** [CMakeFiles/Makefile2:267: CMakeFiles/demo_set_io.dir/all] Error 2
[8.955s] gmake: *** [Makefile:146: all] Error 2
