[0.016s] Invoking command in '/home/rslomron/tm_custom/build/demo': AMENT_PREFIX_PATH=/home/rslomron/tm_custom/install/tm_msgs:${AMENT_PREFIX_PATH} CMAKE_PREFIX_PATH=/home/rslomron/tm_custom/install/tm_msgs:/opt/ros/humble LD_LIBRARY_PATH=/home/rslomron/tm_custom/install/tm_msgs/lib:${LD_LIBRARY_PATH} PYTHONPATH=/home/rslomron/tm_custom/install/tm_msgs/local/lib/python3.10/dist-packages:${PYTHONPATH} /usr/bin/cmake --build /home/rslomron/tm_custom/build/demo -- -j8 -l8
[0.072s] [35m[1mConsolidate compiler generated dependencies of target demo_ask_sta[0m
[0.075s] [35m[1mConsolidate compiler generated dependencies of target demo_set_event[0m
[0.076s] [35m[1mConsolidate compiler generated dependencies of target demo_set_positions[0m
[0.081s] [35m[1mConsolidate compiler generated dependencies of target demo_send_script[0m
[0.085s] [35m[1mConsolidate compiler generated dependencies of target demo_write_item[0m
[0.098s] [35m[1mConsolidate compiler generated dependencies of target demo_connect_tm[0m
[0.116s] [  3%] [32mBuilding CXX object CMakeFiles/demo_send_script.dir/src/demo_send_script.cpp.o[0m
[0.116s] [  7%] [32mBuilding CXX object CMakeFiles/demo_set_positions.dir/src/demo_set_positions.cpp.o[0m
[0.122s] [ 14%] Built target demo_ask_sta
[0.125s] [ 17%] [32mBuilding CXX object CMakeFiles/demo_set_event.dir/src/demo_set_event.cpp.o[0m
[0.127s] [ 25%] [32mBuilding CXX object CMakeFiles/demo_connect_tm.dir/src/demo_connect_tm.cpp.o[0m
[0.127s] [ 28%] Built target demo_set_io
[0.135s] [ 35%] Built target demo_ask_item
[0.166s] [ 39%] [32mBuilding CXX object CMakeFiles/demo_write_item.dir/src/demo_write_item.cpp.o[0m
[0.187s] [ 46%] Built target demo_get_sct_response
[0.216s] [35m[1mConsolidate compiler generated dependencies of target demo_get_sta_response[0m
[0.217s] [ 53%] Built target demo_get_torque_feedback
[0.223s] [ 60%] Built target demo_get_feedback
[0.251s] [35m[1mConsolidate compiler generated dependencies of target demo_get_svr_response[0m
[0.267s] [ 67%] Built target demo_get_sta_response
[0.289s] [ 75%] Built target demo_get_svr_response
[0.297s] [ 78%] [32mBuilding CXX object CMakeFiles/demo_leave_listen_node.dir/src/demo_leave_listen_node.cpp.o[0m
[2.914s] [01m[K/home/rslomron/tm_custom/src/demo/src/demo_connect_tm.cpp:[m[K In function â€˜[01m[Kint main(int, char**)[m[Kâ€™:
[2.915s] [01m[K/home/rslomron/tm_custom/src/demo/src/demo_connect_tm.cpp:36:13:[m[K [01;31m[Kerror: [m[Kâ€˜[01m[Krclcpp::executor[m[Kâ€™ has not been declared
[2.915s]    36 |     rclcpp::[01;31m[Kexecutor[m[K::FutureReturnCode::SUCCESS)
[2.915s]       |             [01;31m[K^~~~~~~~[m[K
[3.573s] gmake[2]: *** [CMakeFiles/demo_connect_tm.dir/build.make:76: CMakeFiles/demo_connect_tm.dir/src/demo_connect_tm.cpp.o] Error 1
[3.573s] gmake[1]: *** [CMakeFiles/Makefile2:215: CMakeFiles/demo_connect_tm.dir/all] Error 2
[3.573s] gmake[1]: *** Waiting for unfinished jobs....
[3.976s] [01m[K/home/rslomron/tm_custom/src/demo/src/demo_write_item.cpp:[m[K In function â€˜[01m[Kint main(int, char**)[m[Kâ€™:
[3.976s] [01m[K/home/rslomron/tm_custom/src/demo/src/demo_write_item.cpp:35:13:[m[K [01;31m[Kerror: [m[Kâ€˜[01m[Krclcpp::executor[m[Kâ€™ has not been declared
[3.976s]    35 |     rclcpp::[01;31m[Kexecutor[m[K::FutureReturnCode::SUCCESS)
[3.976s]       |             [01;31m[K^~~~~~~~[m[K
[4.049s] [01m[K/home/rslomron/tm_custom/src/demo/src/demo_leave_listen_node.cpp:[m[K In function â€˜[01m[Kbool send_cmd(std::string, std::shared_ptr<rclcpp::Node>, rclcpp::Client<tm_msgs::srv::SendScript>::SharedPtr)[m[Kâ€™:
[4.049s] [01m[K/home/rslomron/tm_custom/src/demo/src/demo_leave_listen_node.cpp:26:13:[m[K [01;31m[Kerror: [m[Kâ€˜[01m[Krclcpp::executor[m[Kâ€™ has not been declared
[4.049s]    26 |     rclcpp::[01;31m[Kexecutor[m[K::FutureReturnCode::SUCCESS)
[4.049s]       |             [01;31m[K^~~~~~~~[m[K
[4.109s] [01m[K/home/rslomron/tm_custom/src/demo/src/demo_send_script.cpp:[m[K In function â€˜[01m[Kbool send_cmd(std::string, std::shared_ptr<rclcpp::Node>, rclcpp::Client<tm_msgs::srv::SendScript>::SharedPtr)[m[Kâ€™:
[4.109s] [01m[K/home/rslomron/tm_custom/src/demo/src/demo_send_script.cpp:26:13:[m[K [01;31m[Kerror: [m[Kâ€˜[01m[Krclcpp::executor[m[Kâ€™ has not been declared
[4.109s]    26 |     rclcpp::[01;31m[Kexecutor[m[K::FutureReturnCode::SUCCESS)
[4.109s]       |             [01;31m[K^~~~~~~~[m[K
[4.136s] [ 82%] [32m[1mLinking CXX executable demo_set_positions[0m
[4.162s] [01m[K/home/rslomron/tm_custom/src/demo/src/demo_set_event.cpp:[m[K In function â€˜[01m[Kint main(int, char**)[m[Kâ€™:
[4.162s] [01m[K/home/rslomron/tm_custom/src/demo/src/demo_set_event.cpp:35:13:[m[K [01;31m[Kerror: [m[Kâ€˜[01m[Krclcpp::executor[m[Kâ€™ has not been declared
[4.162s]    35 |     rclcpp::[01;31m[Kexecutor[m[K::FutureReturnCode::SUCCESS)
[4.162s]       |             [01;31m[K^~~~~~~~[m[K
[4.307s] [ 82%] Built target demo_set_positions
[4.624s] gmake[2]: *** [CMakeFiles/demo_write_item.dir/build.make:76: CMakeFiles/demo_write_item.dir/src/demo_write_item.cpp.o] Error 1
[4.625s] gmake[1]: *** [CMakeFiles/Makefile2:319: CMakeFiles/demo_write_item.dir/all] Error 2
[4.685s] gmake[2]: *** [CMakeFiles/demo_leave_listen_node.dir/build.make:76: CMakeFiles/demo_leave_listen_node.dir/src/demo_leave_listen_node.cpp.o] Error 1
[4.685s] gmake[1]: *** [CMakeFiles/Makefile2:501: CMakeFiles/demo_leave_listen_node.dir/all] Error 2
[4.797s] gmake[2]: *** [CMakeFiles/demo_send_script.dir/build.make:76: CMakeFiles/demo_send_script.dir/src/demo_send_script.cpp.o] Error 1
[4.798s] gmake[1]: *** [CMakeFiles/Makefile2:163: CMakeFiles/demo_send_script.dir/all] Error 2
[4.844s] gmake[2]: *** [CMakeFiles/demo_set_event.dir/build.make:76: CMakeFiles/demo_set_event.dir/src/demo_set_event.cpp.o] Error 1
[4.845s] gmake[1]: *** [CMakeFiles/Makefile2:241: CMakeFiles/demo_set_event.dir/all] Error 2
[4.845s] gmake: *** [Makefile:146: all] Error 2
[4.848s] Invoked command in '/home/rslomron/tm_custom/build/demo' returned '2': AMENT_PREFIX_PATH=/home/rslomron/tm_custom/install/tm_msgs:${AMENT_PREFIX_PATH} CMAKE_PREFIX_PATH=/home/rslomron/tm_custom/install/tm_msgs:/opt/ros/humble LD_LIBRARY_PATH=/home/rslomron/tm_custom/install/tm_msgs/lib:${LD_LIBRARY_PATH} PYTHONPATH=/home/rslomron/tm_custom/install/tm_msgs/local/lib/python3.10/dist-packages:${PYTHONPATH} /usr/bin/cmake --build /home/rslomron/tm_custom/build/demo -- -j8 -l8
